2024-01-22 09:31:29,794 INFO org.springframework.boot.StartupInfoLogger [main] Starting NewAppApplication using Java 11.0.17 on DESKTOP-47TVEOI with PID 16340 (E:\Crawler\target\classes started by thien in E:\Crawler)
2024-01-22 09:31:29,814 INFO org.springframework.boot.SpringApplication [main] No active profile set, falling back to 1 default profile: "default"
2024-01-22 09:31:30,449 INFO org.springframework.data.repository.config.RepositoryConfigurationDelegate [main] Bootstrapping Spring Data JPA repositories in DEFAULT mode.
2024-01-22 09:31:30,496 INFO org.springframework.data.repository.config.RepositoryConfigurationDelegate [main] Finished Spring Data repository scanning in 44 ms. Found 1 JPA repository interfaces.
2024-01-22 09:31:30,919 INFO org.springframework.boot.web.embedded.tomcat.TomcatWebServer [main] Tomcat initialized with port(s): 8888 (http)
2024-01-22 09:31:30,930 INFO org.apache.juli.logging.DirectJDKLog [main] Initializing ProtocolHandler ["http-nio-8888"]
2024-01-22 09:31:30,932 INFO org.apache.juli.logging.DirectJDKLog [main] Starting service [Tomcat]
2024-01-22 09:31:30,933 INFO org.apache.juli.logging.DirectJDKLog [main] Starting Servlet engine: [Apache Tomcat/9.0.76]
2024-01-22 09:31:31,179 INFO org.apache.juli.logging.DirectJDKLog [main] Initializing Spring embedded WebApplicationContext
2024-01-22 09:31:31,180 INFO org.springframework.boot.web.servlet.context.ServletWebServerApplicationContext [main] Root WebApplicationContext: initialization completed in 1298 ms
2024-01-22 09:31:31,390 INFO org.hibernate.jpa.internal.util.LogHelper [main] HHH000204: Processing PersistenceUnitInfo [name: default]
2024-01-22 09:31:31,464 INFO org.hibernate.Version [main] HHH000412: Hibernate ORM core version 5.6.15.Final
2024-01-22 09:31:31,618 INFO org.hibernate.annotations.common.reflection.java.JavaReflectionManager [main] HCANN000001: Hibernate Commons Annotations {5.1.2.Final}
2024-01-22 09:31:31,709 INFO com.zaxxer.hikari.HikariDataSource [main] HikariPool-1 - Starting...
2024-01-22 09:31:31,863 INFO com.zaxxer.hikari.HikariDataSource [main] HikariPool-1 - Start completed.
2024-01-22 09:31:31,876 INFO org.hibernate.dialect.Dialect [main] HHH000400: Using dialect: org.hibernate.dialect.MySQL5InnoDBDialect
2024-01-22 09:31:32,339 INFO org.hibernate.engine.transaction.jta.platform.internal.JtaPlatformInitiator [main] HHH000490: Using JtaPlatform implementation: [org.hibernate.engine.transaction.jta.platform.internal.NoJtaPlatform]
2024-01-22 09:31:32,353 INFO org.springframework.orm.jpa.AbstractEntityManagerFactoryBean [main] Initialized JPA EntityManagerFactory for persistence unit 'default'
2024-01-22 09:31:32,954 WARN org.springframework.boot.autoconfigure.orm.jpa.JpaBaseConfiguration$JpaWebConfiguration [main] spring.jpa.open-in-view is enabled by default. Therefore, database queries may be performed during view rendering. Explicitly configure spring.jpa.open-in-view to disable this warning
2024-01-22 09:31:33,271 INFO org.apache.juli.logging.DirectJDKLog [main] Starting ProtocolHandler ["http-nio-8888"]
2024-01-22 09:31:33,297 INFO org.springframework.boot.web.embedded.tomcat.TomcatWebServer [main] Tomcat started on port(s): 8888 (http) with context path ''
2024-01-22 09:31:33,305 INFO org.springframework.boot.StartupInfoLogger [main] Started NewAppApplication in 4.221 seconds (JVM running for 5.579)
2024-01-22 09:31:53,523 INFO org.apache.juli.logging.DirectJDKLog [http-nio-8888-exec-1] Initializing Spring DispatcherServlet 'dispatcherServlet'
2024-01-22 09:31:53,524 INFO org.springframework.web.servlet.FrameworkServlet [http-nio-8888-exec-1] Initializing Servlet 'dispatcherServlet'
2024-01-22 09:31:53,525 INFO org.springframework.web.servlet.FrameworkServlet [http-nio-8888-exec-1] Completed initialization in 1 ms
2024-01-22 09:32:01,462 INFO com.example.newapp.controll.WebsiteController [http-nio-8888-exec-1] Run python script code in cmd Success : 
2024-01-22 09:32:02,500 INFO com.example.newapp.controll.WebsiteController [http-nio-8888-exec-3] Get all list website Success : 
2024-01-22 09:32:15,985 INFO com.example.newapp.controll.WebsiteController [http-nio-8888-exec-4] Run python script code in cmd Success : 
2024-01-22 09:32:25,034 INFO com.example.newapp.controll.WebsiteController [http-nio-8888-exec-5] Run python script code in cmd Success : 
2024-01-22 09:32:43,612 INFO com.example.newapp.controll.WebsiteController [http-nio-8888-exec-6] Get all list website Success : 
2024-01-22 09:32:55,600 INFO com.example.newapp.controll.WebsiteController [http-nio-8888-exec-7] Open config website Success : 
2024-01-22 09:34:14,400 INFO org.springframework.boot.StartupInfoLogger [main] Starting NewAppApplication using Java 11.0.17 on DESKTOP-47TVEOI with PID 8764 (E:\Crawler\target\classes started by thien in E:\Crawler)
2024-01-22 09:34:14,402 INFO org.springframework.boot.SpringApplication [main] No active profile set, falling back to 1 default profile: "default"
2024-01-22 09:34:14,945 INFO org.springframework.data.repository.config.RepositoryConfigurationDelegate [main] Bootstrapping Spring Data JPA repositories in DEFAULT mode.
2024-01-22 09:34:14,991 INFO org.springframework.data.repository.config.RepositoryConfigurationDelegate [main] Finished Spring Data repository scanning in 37 ms. Found 1 JPA repository interfaces.
2024-01-22 09:34:15,402 INFO org.springframework.boot.web.embedded.tomcat.TomcatWebServer [main] Tomcat initialized with port(s): 8888 (http)
2024-01-22 09:34:15,409 INFO org.apache.juli.logging.DirectJDKLog [main] Initializing ProtocolHandler ["http-nio-8888"]
2024-01-22 09:34:15,411 INFO org.apache.juli.logging.DirectJDKLog [main] Starting service [Tomcat]
2024-01-22 09:34:15,411 INFO org.apache.juli.logging.DirectJDKLog [main] Starting Servlet engine: [Apache Tomcat/9.0.76]
2024-01-22 09:34:15,520 INFO org.apache.juli.logging.DirectJDKLog [main] Initializing Spring embedded WebApplicationContext
2024-01-22 09:34:15,520 INFO org.springframework.boot.web.servlet.context.ServletWebServerApplicationContext [main] Root WebApplicationContext: initialization completed in 1081 ms
2024-01-22 09:34:15,679 INFO org.hibernate.jpa.internal.util.LogHelper [main] HHH000204: Processing PersistenceUnitInfo [name: default]
2024-01-22 09:34:15,724 INFO org.hibernate.Version [main] HHH000412: Hibernate ORM core version 5.6.15.Final
2024-01-22 09:34:15,879 INFO org.hibernate.annotations.common.reflection.java.JavaReflectionManager [main] HCANN000001: Hibernate Commons Annotations {5.1.2.Final}
2024-01-22 09:34:15,975 INFO com.zaxxer.hikari.HikariDataSource [main] HikariPool-1 - Starting...
2024-01-22 09:34:16,094 INFO com.zaxxer.hikari.HikariDataSource [main] HikariPool-1 - Start completed.
2024-01-22 09:34:16,108 INFO org.hibernate.dialect.Dialect [main] HHH000400: Using dialect: org.hibernate.dialect.MySQL5InnoDBDialect
2024-01-22 09:34:16,524 INFO org.hibernate.engine.transaction.jta.platform.internal.JtaPlatformInitiator [main] HHH000490: Using JtaPlatform implementation: [org.hibernate.engine.transaction.jta.platform.internal.NoJtaPlatform]
2024-01-22 09:34:16,532 INFO org.springframework.orm.jpa.AbstractEntityManagerFactoryBean [main] Initialized JPA EntityManagerFactory for persistence unit 'default'
2024-01-22 09:34:16,900 WARN org.springframework.boot.autoconfigure.orm.jpa.JpaBaseConfiguration$JpaWebConfiguration [main] spring.jpa.open-in-view is enabled by default. Therefore, database queries may be performed during view rendering. Explicitly configure spring.jpa.open-in-view to disable this warning
2024-01-22 09:34:17,183 INFO org.apache.juli.logging.DirectJDKLog [main] Starting ProtocolHandler ["http-nio-8888"]
2024-01-22 09:34:17,200 INFO org.springframework.boot.web.embedded.tomcat.TomcatWebServer [main] Tomcat started on port(s): 8888 (http) with context path ''
2024-01-22 09:34:17,209 INFO org.springframework.boot.StartupInfoLogger [main] Started NewAppApplication in 3.444 seconds (JVM running for 4.493)
2024-01-22 09:34:19,898 INFO org.apache.juli.logging.DirectJDKLog [http-nio-8888-exec-1] Initializing Spring DispatcherServlet 'dispatcherServlet'
2024-01-22 09:34:19,899 INFO org.springframework.web.servlet.FrameworkServlet [http-nio-8888-exec-1] Initializing Servlet 'dispatcherServlet'
2024-01-22 09:34:19,900 INFO org.springframework.web.servlet.FrameworkServlet [http-nio-8888-exec-1] Completed initialization in 1 ms
2024-01-22 09:34:20,037 ERROR com.example.newapp.controll.WebsiteController [http-nio-8888-exec-1] File type error
2024-01-22 09:34:29,249 INFO com.example.newapp.controll.WebsiteController [http-nio-8888-exec-4] Run python script code in cmd Success : 
