2024-01-18 16:07:22,339 INFO org.springframework.boot.StartupInfoLogger [main] Starting NewAppApplication using Java 11.0.17 on DESKTOP-47TVEOI with PID 15504 (E:\Crawler\target\classes started by thien in E:\Crawler)
2024-01-18 16:07:22,341 INFO org.springframework.boot.SpringApplication [main] No active profile set, falling back to 1 default profile: "default"
2024-01-18 16:07:23,130 INFO org.springframework.data.repository.config.RepositoryConfigurationDelegate [main] Bootstrapping Spring Data JPA repositories in DEFAULT mode.
2024-01-18 16:07:23,171 INFO org.springframework.data.repository.config.RepositoryConfigurationDelegate [main] Finished Spring Data repository scanning in 33 ms. Found 1 JPA repository interfaces.
2024-01-18 16:07:23,600 INFO org.springframework.boot.web.embedded.tomcat.TomcatWebServer [main] Tomcat initialized with port(s): 8888 (http)
2024-01-18 16:07:23,605 INFO org.apache.juli.logging.DirectJDKLog [main] Initializing ProtocolHandler ["http-nio-8888"]
2024-01-18 16:07:23,606 INFO org.apache.juli.logging.DirectJDKLog [main] Starting service [Tomcat]
2024-01-18 16:07:23,607 INFO org.apache.juli.logging.DirectJDKLog [main] Starting Servlet engine: [Apache Tomcat/9.0.76]
2024-01-18 16:07:23,708 INFO org.apache.juli.logging.DirectJDKLog [main] Initializing Spring embedded WebApplicationContext
2024-01-18 16:07:23,708 INFO org.springframework.boot.web.servlet.context.ServletWebServerApplicationContext [main] Root WebApplicationContext: initialization completed in 1335 ms
2024-01-18 16:07:23,840 INFO org.hibernate.jpa.internal.util.LogHelper [main] HHH000204: Processing PersistenceUnitInfo [name: default]
2024-01-18 16:07:23,869 INFO org.hibernate.Version [main] HHH000412: Hibernate ORM core version 5.6.15.Final
2024-01-18 16:07:23,978 INFO org.hibernate.annotations.common.reflection.java.JavaReflectionManager [main] HCANN000001: Hibernate Commons Annotations {5.1.2.Final}
2024-01-18 16:07:24,042 INFO com.zaxxer.hikari.HikariDataSource [main] HikariPool-1 - Starting...
2024-01-18 16:07:24,154 INFO com.zaxxer.hikari.HikariDataSource [main] HikariPool-1 - Start completed.
2024-01-18 16:07:24,163 INFO org.hibernate.dialect.Dialect [main] HHH000400: Using dialect: org.hibernate.dialect.MySQL5InnoDBDialect
2024-01-18 16:07:24,537 INFO org.hibernate.engine.transaction.jta.platform.internal.JtaPlatformInitiator [main] HHH000490: Using JtaPlatform implementation: [org.hibernate.engine.transaction.jta.platform.internal.NoJtaPlatform]
2024-01-18 16:07:24,537 INFO org.springframework.orm.jpa.AbstractEntityManagerFactoryBean [main] Initialized JPA EntityManagerFactory for persistence unit 'default'
2024-01-18 16:07:24,825 WARN org.springframework.boot.autoconfigure.orm.jpa.JpaBaseConfiguration$JpaWebConfiguration [main] spring.jpa.open-in-view is enabled by default. Therefore, database queries may be performed during view rendering. Explicitly configure spring.jpa.open-in-view to disable this warning
2024-01-18 16:07:25,091 INFO org.apache.juli.logging.DirectJDKLog [main] Starting ProtocolHandler ["http-nio-8888"]
2024-01-18 16:07:25,126 INFO org.springframework.boot.web.embedded.tomcat.TomcatWebServer [main] Tomcat started on port(s): 8888 (http) with context path ''
2024-01-18 16:07:25,135 INFO org.springframework.boot.StartupInfoLogger [main] Started NewAppApplication in 3.372 seconds (JVM running for 4.704)
2024-01-18 16:07:30,579 INFO org.apache.juli.logging.DirectJDKLog [http-nio-8888-exec-2] Initializing Spring DispatcherServlet 'dispatcherServlet'
2024-01-18 16:07:30,580 INFO org.springframework.web.servlet.FrameworkServlet [http-nio-8888-exec-2] Initializing Servlet 'dispatcherServlet'
2024-01-18 16:07:30,581 INFO org.springframework.web.servlet.FrameworkServlet [http-nio-8888-exec-2] Completed initialization in 1 ms
2024-01-18 16:07:30,720 INFO com.example.newapp.controll.WebsiteController [http-nio-8888-exec-2] Get name website Success : 
2024-01-18 16:08:06,138 ERROR com.example.newapp.controll.WebsiteController [http-nio-8888-exec-3] Run python script code in cmd Fail : 
2024-01-18 16:08:57,138 INFO org.springframework.boot.StartupInfoLogger [main] Starting NewAppApplication using Java 11.0.17 on DESKTOP-47TVEOI with PID 14180 (E:\Crawler\target\classes started by thien in E:\Crawler)
2024-01-18 16:08:57,138 INFO org.springframework.boot.SpringApplication [main] No active profile set, falling back to 1 default profile: "default"
2024-01-18 16:08:57,592 INFO org.springframework.data.repository.config.RepositoryConfigurationDelegate [main] Bootstrapping Spring Data JPA repositories in DEFAULT mode.
2024-01-18 16:08:57,644 INFO org.springframework.data.repository.config.RepositoryConfigurationDelegate [main] Finished Spring Data repository scanning in 31 ms. Found 1 JPA repository interfaces.
2024-01-18 16:08:57,986 INFO org.springframework.boot.web.embedded.tomcat.TomcatWebServer [main] Tomcat initialized with port(s): 8888 (http)
2024-01-18 16:08:57,993 INFO org.apache.juli.logging.DirectJDKLog [main] Initializing ProtocolHandler ["http-nio-8888"]
2024-01-18 16:08:57,993 INFO org.apache.juli.logging.DirectJDKLog [main] Starting service [Tomcat]
2024-01-18 16:08:57,993 INFO org.apache.juli.logging.DirectJDKLog [main] Starting Servlet engine: [Apache Tomcat/9.0.76]
2024-01-18 16:08:58,093 INFO org.apache.juli.logging.DirectJDKLog [main] Initializing Spring embedded WebApplicationContext
2024-01-18 16:08:58,093 INFO org.springframework.boot.web.servlet.context.ServletWebServerApplicationContext [main] Root WebApplicationContext: initialization completed in 924 ms
2024-01-18 16:08:58,224 INFO org.hibernate.jpa.internal.util.LogHelper [main] HHH000204: Processing PersistenceUnitInfo [name: default]
2024-01-18 16:08:58,255 INFO org.hibernate.Version [main] HHH000412: Hibernate ORM core version 5.6.15.Final
2024-01-18 16:08:58,340 INFO org.hibernate.annotations.common.reflection.java.JavaReflectionManager [main] HCANN000001: Hibernate Commons Annotations {5.1.2.Final}
2024-01-18 16:08:58,400 INFO com.zaxxer.hikari.HikariDataSource [main] HikariPool-1 - Starting...
2024-01-18 16:08:58,510 INFO com.zaxxer.hikari.HikariDataSource [main] HikariPool-1 - Start completed.
2024-01-18 16:08:58,525 INFO org.hibernate.dialect.Dialect [main] HHH000400: Using dialect: org.hibernate.dialect.MySQL5InnoDBDialect
2024-01-18 16:08:58,895 INFO org.hibernate.engine.transaction.jta.platform.internal.JtaPlatformInitiator [main] HHH000490: Using JtaPlatform implementation: [org.hibernate.engine.transaction.jta.platform.internal.NoJtaPlatform]
2024-01-18 16:08:58,895 INFO org.springframework.orm.jpa.AbstractEntityManagerFactoryBean [main] Initialized JPA EntityManagerFactory for persistence unit 'default'
2024-01-18 16:08:59,142 WARN org.springframework.boot.autoconfigure.orm.jpa.JpaBaseConfiguration$JpaWebConfiguration [main] spring.jpa.open-in-view is enabled by default. Therefore, database queries may be performed during view rendering. Explicitly configure spring.jpa.open-in-view to disable this warning
2024-01-18 16:08:59,395 INFO org.apache.juli.logging.DirectJDKLog [main] Starting ProtocolHandler ["http-nio-8888"]
2024-01-18 16:08:59,411 INFO org.springframework.boot.web.embedded.tomcat.TomcatWebServer [main] Tomcat started on port(s): 8888 (http) with context path ''
2024-01-18 16:08:59,427 INFO org.springframework.boot.StartupInfoLogger [main] Started NewAppApplication in 2.819 seconds (JVM running for 3.662)
2024-01-18 16:09:13,849 INFO org.apache.juli.logging.DirectJDKLog [http-nio-8888-exec-2] Initializing Spring DispatcherServlet 'dispatcherServlet'
2024-01-18 16:09:13,850 INFO org.springframework.web.servlet.FrameworkServlet [http-nio-8888-exec-2] Initializing Servlet 'dispatcherServlet'
2024-01-18 16:09:13,851 INFO org.springframework.web.servlet.FrameworkServlet [http-nio-8888-exec-2] Completed initialization in 1 ms
2024-01-18 16:09:40,596 ERROR com.example.newapp.controll.WebsiteController [http-nio-8888-exec-2] Run python script code in cmd Fail : 
2024-01-18 16:11:52,676 INFO com.example.newapp.controll.WebsiteController [http-nio-8888-exec-4] Run python script code in cmd Success : 
