2024-01-18 16:45:08,051 INFO org.springframework.boot.StartupInfoLogger [main] Starting NewAppApplication using Java 11.0.17 on DESKTOP-47TVEOI with PID 13412 (E:\Crawler\target\classes started by thien in E:\Crawler)
2024-01-18 16:45:08,054 INFO org.springframework.boot.SpringApplication [main] No active profile set, falling back to 1 default profile: "default"
2024-01-18 16:45:08,779 INFO org.springframework.data.repository.config.RepositoryConfigurationDelegate [main] Bootstrapping Spring Data JPA repositories in DEFAULT mode.
2024-01-18 16:45:08,833 INFO org.springframework.data.repository.config.RepositoryConfigurationDelegate [main] Finished Spring Data repository scanning in 44 ms. Found 1 JPA repository interfaces.
2024-01-18 16:45:09,249 INFO org.springframework.boot.web.embedded.tomcat.TomcatWebServer [main] Tomcat initialized with port(s): 8888 (http)
2024-01-18 16:45:09,255 INFO org.apache.juli.logging.DirectJDKLog [main] Initializing ProtocolHandler ["http-nio-8888"]
2024-01-18 16:45:09,257 INFO org.apache.juli.logging.DirectJDKLog [main] Starting service [Tomcat]
2024-01-18 16:45:09,257 INFO org.apache.juli.logging.DirectJDKLog [main] Starting Servlet engine: [Apache Tomcat/9.0.76]
2024-01-18 16:45:09,359 INFO org.apache.juli.logging.DirectJDKLog [main] Initializing Spring embedded WebApplicationContext
2024-01-18 16:45:09,359 INFO org.springframework.boot.web.servlet.context.ServletWebServerApplicationContext [main] Root WebApplicationContext: initialization completed in 1262 ms
2024-01-18 16:45:09,493 INFO org.hibernate.jpa.internal.util.LogHelper [main] HHH000204: Processing PersistenceUnitInfo [name: default]
2024-01-18 16:45:09,529 INFO org.hibernate.Version [main] HHH000412: Hibernate ORM core version 5.6.15.Final
2024-01-18 16:45:09,625 INFO org.hibernate.annotations.common.reflection.java.JavaReflectionManager [main] HCANN000001: Hibernate Commons Annotations {5.1.2.Final}
2024-01-18 16:45:09,695 INFO com.zaxxer.hikari.HikariDataSource [main] HikariPool-1 - Starting...
2024-01-18 16:45:09,809 INFO com.zaxxer.hikari.HikariDataSource [main] HikariPool-1 - Start completed.
2024-01-18 16:45:09,819 INFO org.hibernate.dialect.Dialect [main] HHH000400: Using dialect: org.hibernate.dialect.MySQL5InnoDBDialect
2024-01-18 16:45:10,282 INFO org.hibernate.engine.transaction.jta.platform.internal.JtaPlatformInitiator [main] HHH000490: Using JtaPlatform implementation: [org.hibernate.engine.transaction.jta.platform.internal.NoJtaPlatform]
2024-01-18 16:45:10,290 INFO org.springframework.orm.jpa.AbstractEntityManagerFactoryBean [main] Initialized JPA EntityManagerFactory for persistence unit 'default'
2024-01-18 16:45:10,554 WARN org.springframework.boot.autoconfigure.orm.jpa.JpaBaseConfiguration$JpaWebConfiguration [main] spring.jpa.open-in-view is enabled by default. Therefore, database queries may be performed during view rendering. Explicitly configure spring.jpa.open-in-view to disable this warning
2024-01-18 16:45:10,799 INFO org.apache.juli.logging.DirectJDKLog [main] Starting ProtocolHandler ["http-nio-8888"]
2024-01-18 16:45:10,817 INFO org.springframework.boot.web.embedded.tomcat.TomcatWebServer [main] Tomcat started on port(s): 8888 (http) with context path ''
2024-01-18 16:45:10,825 INFO org.springframework.boot.StartupInfoLogger [main] Started NewAppApplication in 3.338 seconds (JVM running for 4.249)
2024-01-18 16:45:18,684 INFO org.apache.juli.logging.DirectJDKLog [http-nio-8888-exec-2] Initializing Spring DispatcherServlet 'dispatcherServlet'
2024-01-18 16:45:18,684 INFO org.springframework.web.servlet.FrameworkServlet [http-nio-8888-exec-2] Initializing Servlet 'dispatcherServlet'
2024-01-18 16:45:18,688 INFO org.springframework.web.servlet.FrameworkServlet [http-nio-8888-exec-2] Completed initialization in 3 ms
2024-01-18 16:47:18,624 INFO org.springframework.boot.StartupInfoLogger [main] Starting NewAppApplication using Java 11.0.17 on DESKTOP-47TVEOI with PID 8912 (E:\Crawler\target\classes started by thien in E:\Crawler)
2024-01-18 16:47:18,628 INFO org.springframework.boot.SpringApplication [main] No active profile set, falling back to 1 default profile: "default"
2024-01-18 16:47:19,192 INFO org.springframework.data.repository.config.RepositoryConfigurationDelegate [main] Bootstrapping Spring Data JPA repositories in DEFAULT mode.
2024-01-18 16:47:19,230 INFO org.springframework.data.repository.config.RepositoryConfigurationDelegate [main] Finished Spring Data repository scanning in 30 ms. Found 1 JPA repository interfaces.
2024-01-18 16:47:19,605 INFO org.springframework.boot.web.embedded.tomcat.TomcatWebServer [main] Tomcat initialized with port(s): 8888 (http)
2024-01-18 16:47:19,611 INFO org.apache.juli.logging.DirectJDKLog [main] Initializing ProtocolHandler ["http-nio-8888"]
2024-01-18 16:47:19,612 INFO org.apache.juli.logging.DirectJDKLog [main] Starting service [Tomcat]
2024-01-18 16:47:19,612 INFO org.apache.juli.logging.DirectJDKLog [main] Starting Servlet engine: [Apache Tomcat/9.0.76]
2024-01-18 16:47:19,709 INFO org.apache.juli.logging.DirectJDKLog [main] Initializing Spring embedded WebApplicationContext
2024-01-18 16:47:19,710 INFO org.springframework.boot.web.servlet.context.ServletWebServerApplicationContext [main] Root WebApplicationContext: initialization completed in 1030 ms
2024-01-18 16:47:19,852 INFO org.hibernate.jpa.internal.util.LogHelper [main] HHH000204: Processing PersistenceUnitInfo [name: default]
2024-01-18 16:47:19,888 INFO org.hibernate.Version [main] HHH000412: Hibernate ORM core version 5.6.15.Final
2024-01-18 16:47:19,987 INFO org.hibernate.annotations.common.reflection.java.JavaReflectionManager [main] HCANN000001: Hibernate Commons Annotations {5.1.2.Final}
2024-01-18 16:47:20,058 INFO com.zaxxer.hikari.HikariDataSource [main] HikariPool-1 - Starting...
2024-01-18 16:47:20,177 INFO com.zaxxer.hikari.HikariDataSource [main] HikariPool-1 - Start completed.
2024-01-18 16:47:20,187 INFO org.hibernate.dialect.Dialect [main] HHH000400: Using dialect: org.hibernate.dialect.MySQL5InnoDBDialect
2024-01-18 16:47:20,639 INFO org.hibernate.engine.transaction.jta.platform.internal.JtaPlatformInitiator [main] HHH000490: Using JtaPlatform implementation: [org.hibernate.engine.transaction.jta.platform.internal.NoJtaPlatform]
2024-01-18 16:47:20,647 INFO org.springframework.orm.jpa.AbstractEntityManagerFactoryBean [main] Initialized JPA EntityManagerFactory for persistence unit 'default'
2024-01-18 16:47:20,974 WARN org.springframework.boot.autoconfigure.orm.jpa.JpaBaseConfiguration$JpaWebConfiguration [main] spring.jpa.open-in-view is enabled by default. Therefore, database queries may be performed during view rendering. Explicitly configure spring.jpa.open-in-view to disable this warning
2024-01-18 16:47:21,249 INFO org.apache.juli.logging.DirectJDKLog [main] Starting ProtocolHandler ["http-nio-8888"]
2024-01-18 16:47:21,264 INFO org.springframework.boot.web.embedded.tomcat.TomcatWebServer [main] Tomcat started on port(s): 8888 (http) with context path ''
2024-01-18 16:47:21,273 INFO org.springframework.boot.StartupInfoLogger [main] Started NewAppApplication in 3.318 seconds (JVM running for 4.209)
2024-01-18 16:47:25,832 INFO org.apache.juli.logging.DirectJDKLog [http-nio-8888-exec-1] Initializing Spring DispatcherServlet 'dispatcherServlet'
2024-01-18 16:47:25,833 INFO org.springframework.web.servlet.FrameworkServlet [http-nio-8888-exec-1] Initializing Servlet 'dispatcherServlet'
2024-01-18 16:47:25,837 INFO org.springframework.web.servlet.FrameworkServlet [http-nio-8888-exec-1] Completed initialization in 3 ms
2024-01-18 16:47:52,700 INFO com.example.newapp.controll.WebsiteController [http-nio-8888-exec-1] Run python script code in cmd Success : 
2024-01-18 16:48:48,657 INFO org.springframework.boot.StartupInfoLogger [main] Starting NewAppApplication using Java 11.0.17 on DESKTOP-47TVEOI with PID 2928 (E:\Crawler\target\classes started by thien in E:\Crawler)
2024-01-18 16:48:48,659 INFO org.springframework.boot.SpringApplication [main] No active profile set, falling back to 1 default profile: "default"
2024-01-18 16:48:49,175 INFO org.springframework.data.repository.config.RepositoryConfigurationDelegate [main] Bootstrapping Spring Data JPA repositories in DEFAULT mode.
2024-01-18 16:48:49,217 INFO org.springframework.data.repository.config.RepositoryConfigurationDelegate [main] Finished Spring Data repository scanning in 35 ms. Found 1 JPA repository interfaces.
2024-01-18 16:48:49,624 INFO org.springframework.boot.web.embedded.tomcat.TomcatWebServer [main] Tomcat initialized with port(s): 8888 (http)
2024-01-18 16:48:49,630 INFO org.apache.juli.logging.DirectJDKLog [main] Initializing ProtocolHandler ["http-nio-8888"]
2024-01-18 16:48:49,631 INFO org.apache.juli.logging.DirectJDKLog [main] Starting service [Tomcat]
2024-01-18 16:48:49,631 INFO org.apache.juli.logging.DirectJDKLog [main] Starting Servlet engine: [Apache Tomcat/9.0.76]
2024-01-18 16:48:49,737 INFO org.apache.juli.logging.DirectJDKLog [main] Initializing Spring embedded WebApplicationContext
2024-01-18 16:48:49,737 INFO org.springframework.boot.web.servlet.context.ServletWebServerApplicationContext [main] Root WebApplicationContext: initialization completed in 1044 ms
2024-01-18 16:48:49,874 INFO org.hibernate.jpa.internal.util.LogHelper [main] HHH000204: Processing PersistenceUnitInfo [name: default]
2024-01-18 16:48:49,906 INFO org.hibernate.Version [main] HHH000412: Hibernate ORM core version 5.6.15.Final
2024-01-18 16:48:50,011 INFO org.hibernate.annotations.common.reflection.java.JavaReflectionManager [main] HCANN000001: Hibernate Commons Annotations {5.1.2.Final}
2024-01-18 16:48:50,084 INFO com.zaxxer.hikari.HikariDataSource [main] HikariPool-1 - Starting...
2024-01-18 16:48:50,196 INFO com.zaxxer.hikari.HikariDataSource [main] HikariPool-1 - Start completed.
2024-01-18 16:48:50,208 INFO org.hibernate.dialect.Dialect [main] HHH000400: Using dialect: org.hibernate.dialect.MySQL5InnoDBDialect
2024-01-18 16:48:50,625 INFO org.hibernate.engine.transaction.jta.platform.internal.JtaPlatformInitiator [main] HHH000490: Using JtaPlatform implementation: [org.hibernate.engine.transaction.jta.platform.internal.NoJtaPlatform]
2024-01-18 16:48:50,643 INFO org.springframework.orm.jpa.AbstractEntityManagerFactoryBean [main] Initialized JPA EntityManagerFactory for persistence unit 'default'
2024-01-18 16:48:50,924 WARN org.springframework.boot.autoconfigure.orm.jpa.JpaBaseConfiguration$JpaWebConfiguration [main] spring.jpa.open-in-view is enabled by default. Therefore, database queries may be performed during view rendering. Explicitly configure spring.jpa.open-in-view to disable this warning
2024-01-18 16:48:51,172 INFO org.apache.juli.logging.DirectJDKLog [main] Starting ProtocolHandler ["http-nio-8888"]
2024-01-18 16:48:51,187 INFO org.springframework.boot.web.embedded.tomcat.TomcatWebServer [main] Tomcat started on port(s): 8888 (http) with context path ''
2024-01-18 16:48:51,197 INFO org.springframework.boot.StartupInfoLogger [main] Started NewAppApplication in 3.083 seconds (JVM running for 4.218)
2024-01-18 16:48:57,148 INFO org.apache.juli.logging.DirectJDKLog [http-nio-8888-exec-1] Initializing Spring DispatcherServlet 'dispatcherServlet'
2024-01-18 16:48:57,148 INFO org.springframework.web.servlet.FrameworkServlet [http-nio-8888-exec-1] Initializing Servlet 'dispatcherServlet'
2024-01-18 16:48:57,148 INFO org.springframework.web.servlet.FrameworkServlet [http-nio-8888-exec-1] Completed initialization in 0 ms
2024-01-18 16:48:58,996 INFO com.example.newapp.controll.WebsiteController [http-nio-8888-exec-1] Run python script code in cmd Success : 
2024-01-18 16:50:52,536 INFO com.example.newapp.controll.WebsiteController [http-nio-8888-exec-5] Get name website Success : 
2024-01-18 16:50:54,060 INFO com.example.newapp.controll.WebsiteController [http-nio-8888-exec-4] Run python script code in cmd Success : 
2024-01-18 16:50:55,457 INFO com.example.newapp.controll.WebsiteController [http-nio-8888-exec-7] Get name website Success : 
2024-01-18 16:50:56,969 INFO com.example.newapp.controll.WebsiteController [http-nio-8888-exec-6] Run python script code in cmd Success : 
2024-01-18 16:51:04,417 INFO com.example.newapp.controll.WebsiteController [http-nio-8888-exec-9] Get name website Success : 
2024-01-18 16:51:05,967 INFO com.example.newapp.controll.WebsiteController [http-nio-8888-exec-8] Run python script code in cmd Success : 
2024-01-18 16:51:21,236 INFO com.example.newapp.controll.WebsiteController [http-nio-8888-exec-2] Get name website Success : 
2024-01-18 16:51:22,769 INFO com.example.newapp.controll.WebsiteController [http-nio-8888-exec-10] Run python script code in cmd Success : 
2024-01-18 16:55:18,144 INFO com.example.newapp.controll.WebsiteController [http-nio-8888-exec-5] Get all list website Success : 
2024-01-18 16:55:38,864 INFO com.example.newapp.controll.WebsiteController [http-nio-8888-exec-7] Get name website Success : 
2024-01-18 16:55:40,587 INFO com.example.newapp.controll.WebsiteController [http-nio-8888-exec-4] Run python script code in cmd Success : 
2024-01-18 16:59:37,700 INFO com.example.newapp.controll.WebsiteController [http-nio-8888-exec-2] Get name website Success : 
2024-01-18 16:59:39,306 INFO com.example.newapp.controll.WebsiteController [http-nio-8888-exec-8] Run python script code in cmd Success : 
2024-01-18 16:59:43,065 INFO com.example.newapp.controll.WebsiteController [http-nio-8888-exec-1] Get name website Success : 
2024-01-18 16:59:44,666 INFO com.example.newapp.controll.WebsiteController [http-nio-8888-exec-10] Run python script code in cmd Success : 
2024-01-18 16:59:46,978 INFO com.example.newapp.controll.WebsiteController [http-nio-8888-exec-5] Get name website Success : 
2024-01-18 16:59:48,504 INFO com.example.newapp.controll.WebsiteController [http-nio-8888-exec-3] Run python script code in cmd Success : 
2024-01-18 17:02:05,609 INFO com.example.newapp.controll.WebsiteController [http-nio-8888-exec-9] Get name website Success : 
2024-01-18 17:02:07,185 INFO com.example.newapp.controll.WebsiteController [http-nio-8888-exec-6] Run python script code in cmd Success : 
