2024-01-19 09:38:34,191 INFO org.springframework.boot.StartupInfoLogger [main] Starting NewAppApplication using Java 11.0.17 on DESKTOP-47TVEOI with PID 840 (E:\Crawler\target\classes started by thien in E:\Crawler)
2024-01-19 09:38:34,212 INFO org.springframework.boot.SpringApplication [main] No active profile set, falling back to 1 default profile: "default"
2024-01-19 09:38:34,970 INFO org.springframework.data.repository.config.RepositoryConfigurationDelegate [main] Bootstrapping Spring Data JPA repositories in DEFAULT mode.
2024-01-19 09:38:35,021 INFO org.springframework.data.repository.config.RepositoryConfigurationDelegate [main] Finished Spring Data repository scanning in 40 ms. Found 1 JPA repository interfaces.
2024-01-19 09:38:35,648 INFO org.springframework.boot.web.embedded.tomcat.TomcatWebServer [main] Tomcat initialized with port(s): 8888 (http)
2024-01-19 09:38:35,656 INFO org.apache.juli.logging.DirectJDKLog [main] Initializing ProtocolHandler ["http-nio-8888"]
2024-01-19 09:38:35,658 INFO org.apache.juli.logging.DirectJDKLog [main] Starting service [Tomcat]
2024-01-19 09:38:35,658 INFO org.apache.juli.logging.DirectJDKLog [main] Starting Servlet engine: [Apache Tomcat/9.0.76]
2024-01-19 09:38:35,818 INFO org.apache.juli.logging.DirectJDKLog [main] Initializing Spring embedded WebApplicationContext
2024-01-19 09:38:35,818 INFO org.springframework.boot.web.servlet.context.ServletWebServerApplicationContext [main] Root WebApplicationContext: initialization completed in 1554 ms
2024-01-19 09:38:36,027 INFO org.hibernate.jpa.internal.util.LogHelper [main] HHH000204: Processing PersistenceUnitInfo [name: default]
2024-01-19 09:38:36,112 INFO org.hibernate.Version [main] HHH000412: Hibernate ORM core version 5.6.15.Final
2024-01-19 09:38:36,276 INFO org.hibernate.annotations.common.reflection.java.JavaReflectionManager [main] HCANN000001: Hibernate Commons Annotations {5.1.2.Final}
2024-01-19 09:38:36,382 INFO com.zaxxer.hikari.HikariDataSource [main] HikariPool-1 - Starting...
2024-01-19 09:38:36,539 INFO com.zaxxer.hikari.HikariDataSource [main] HikariPool-1 - Start completed.
2024-01-19 09:38:36,554 INFO org.hibernate.dialect.Dialect [main] HHH000400: Using dialect: org.hibernate.dialect.MySQL5InnoDBDialect
2024-01-19 09:38:37,103 INFO org.hibernate.engine.transaction.jta.platform.internal.JtaPlatformInitiator [main] HHH000490: Using JtaPlatform implementation: [org.hibernate.engine.transaction.jta.platform.internal.NoJtaPlatform]
2024-01-19 09:38:37,117 INFO org.springframework.orm.jpa.AbstractEntityManagerFactoryBean [main] Initialized JPA EntityManagerFactory for persistence unit 'default'
2024-01-19 09:38:37,548 WARN org.springframework.boot.autoconfigure.orm.jpa.JpaBaseConfiguration$JpaWebConfiguration [main] spring.jpa.open-in-view is enabled by default. Therefore, database queries may be performed during view rendering. Explicitly configure spring.jpa.open-in-view to disable this warning
2024-01-19 09:38:37,959 INFO org.apache.juli.logging.DirectJDKLog [main] Starting ProtocolHandler ["http-nio-8888"]
2024-01-19 09:38:37,981 INFO org.springframework.boot.web.embedded.tomcat.TomcatWebServer [main] Tomcat started on port(s): 8888 (http) with context path ''
2024-01-19 09:38:37,992 INFO org.springframework.boot.StartupInfoLogger [main] Started NewAppApplication in 4.498 seconds (JVM running for 7.179)
2024-01-19 09:39:16,664 INFO org.apache.juli.logging.DirectJDKLog [http-nio-8888-exec-1] Initializing Spring DispatcherServlet 'dispatcherServlet'
2024-01-19 09:39:16,665 INFO org.springframework.web.servlet.FrameworkServlet [http-nio-8888-exec-1] Initializing Servlet 'dispatcherServlet'
2024-01-19 09:39:16,667 INFO org.springframework.web.servlet.FrameworkServlet [http-nio-8888-exec-1] Completed initialization in 2 ms
2024-01-19 09:40:21,518 WARN com.zaxxer.hikari.pool.HikariPool$HouseKeeper [HikariPool-1 housekeeper] HikariPool-1 - Thread starvation or clock leap detected (housekeeper delta=1m14s868ms1µs300ns).
2024-01-19 09:40:29,318 INFO org.springframework.orm.jpa.AbstractEntityManagerFactoryBean [SpringApplicationShutdownHook] Closing JPA EntityManagerFactory for persistence unit 'default'
2024-01-19 09:40:29,323 INFO com.zaxxer.hikari.HikariDataSource [SpringApplicationShutdownHook] HikariPool-1 - Shutdown initiated...
2024-01-19 09:40:29,336 INFO com.zaxxer.hikari.HikariDataSource [SpringApplicationShutdownHook] HikariPool-1 - Shutdown completed.
2024-01-19 09:47:23,747 INFO org.springframework.boot.StartupInfoLogger [main] Starting NewAppApplication using Java 11.0.17 on DESKTOP-47TVEOI with PID 6644 (E:\Crawler\target\classes started by thien in E:\Crawler)
2024-01-19 09:47:23,751 INFO org.springframework.boot.SpringApplication [main] No active profile set, falling back to 1 default profile: "default"
2024-01-19 09:47:24,437 INFO org.springframework.data.repository.config.RepositoryConfigurationDelegate [main] Bootstrapping Spring Data JPA repositories in DEFAULT mode.
2024-01-19 09:47:24,494 INFO org.springframework.data.repository.config.RepositoryConfigurationDelegate [main] Finished Spring Data repository scanning in 47 ms. Found 1 JPA repository interfaces.
2024-01-19 09:47:24,947 INFO org.springframework.boot.web.embedded.tomcat.TomcatWebServer [main] Tomcat initialized with port(s): 8888 (http)
2024-01-19 09:47:24,954 INFO org.apache.juli.logging.DirectJDKLog [main] Initializing ProtocolHandler ["http-nio-8888"]
2024-01-19 09:47:24,955 INFO org.apache.juli.logging.DirectJDKLog [main] Starting service [Tomcat]
2024-01-19 09:47:24,955 INFO org.apache.juli.logging.DirectJDKLog [main] Starting Servlet engine: [Apache Tomcat/9.0.76]
2024-01-19 09:47:25,092 INFO org.apache.juli.logging.DirectJDKLog [main] Initializing Spring embedded WebApplicationContext
2024-01-19 09:47:25,092 INFO org.springframework.boot.web.servlet.context.ServletWebServerApplicationContext [main] Root WebApplicationContext: initialization completed in 1288 ms
2024-01-19 09:47:25,248 INFO org.hibernate.jpa.internal.util.LogHelper [main] HHH000204: Processing PersistenceUnitInfo [name: default]
2024-01-19 09:47:25,287 INFO org.hibernate.Version [main] HHH000412: Hibernate ORM core version 5.6.15.Final
2024-01-19 09:47:25,427 INFO org.hibernate.annotations.common.reflection.java.JavaReflectionManager [main] HCANN000001: Hibernate Commons Annotations {5.1.2.Final}
2024-01-19 09:47:25,537 INFO com.zaxxer.hikari.HikariDataSource [main] HikariPool-1 - Starting...
2024-01-19 09:47:25,693 INFO com.zaxxer.hikari.HikariDataSource [main] HikariPool-1 - Start completed.
2024-01-19 09:47:25,704 INFO org.hibernate.dialect.Dialect [main] HHH000400: Using dialect: org.hibernate.dialect.MySQL5InnoDBDialect
2024-01-19 09:47:26,210 INFO org.hibernate.engine.transaction.jta.platform.internal.JtaPlatformInitiator [main] HHH000490: Using JtaPlatform implementation: [org.hibernate.engine.transaction.jta.platform.internal.NoJtaPlatform]
2024-01-19 09:47:26,220 INFO org.springframework.orm.jpa.AbstractEntityManagerFactoryBean [main] Initialized JPA EntityManagerFactory for persistence unit 'default'
2024-01-19 09:47:26,518 WARN org.springframework.boot.autoconfigure.orm.jpa.JpaBaseConfiguration$JpaWebConfiguration [main] spring.jpa.open-in-view is enabled by default. Therefore, database queries may be performed during view rendering. Explicitly configure spring.jpa.open-in-view to disable this warning
2024-01-19 09:47:26,796 INFO org.apache.juli.logging.DirectJDKLog [main] Starting ProtocolHandler ["http-nio-8888"]
2024-01-19 09:47:26,814 INFO org.springframework.boot.web.embedded.tomcat.TomcatWebServer [main] Tomcat started on port(s): 8888 (http) with context path ''
2024-01-19 09:47:26,823 INFO org.springframework.boot.StartupInfoLogger [main] Started NewAppApplication in 3.935 seconds (JVM running for 5.299)
2024-01-19 09:47:44,750 INFO org.apache.juli.logging.DirectJDKLog [http-nio-8888-exec-2] Initializing Spring DispatcherServlet 'dispatcherServlet'
2024-01-19 09:47:44,751 INFO org.springframework.web.servlet.FrameworkServlet [http-nio-8888-exec-2] Initializing Servlet 'dispatcherServlet'
2024-01-19 09:47:44,752 INFO org.springframework.web.servlet.FrameworkServlet [http-nio-8888-exec-2] Completed initialization in 1 ms
2024-01-19 09:48:14,404 INFO com.example.newapp.controll.WebsiteController [http-nio-8888-exec-2] Run python script code in cmd Success : 
2024-01-19 09:50:28,574 INFO org.springframework.orm.jpa.AbstractEntityManagerFactoryBean [SpringApplicationShutdownHook] Closing JPA EntityManagerFactory for persistence unit 'default'
2024-01-19 09:50:28,574 INFO com.zaxxer.hikari.HikariDataSource [SpringApplicationShutdownHook] HikariPool-1 - Shutdown initiated...
2024-01-19 09:50:28,574 INFO com.zaxxer.hikari.HikariDataSource [SpringApplicationShutdownHook] HikariPool-1 - Shutdown completed.
2024-01-19 09:50:34,022 INFO org.springframework.boot.StartupInfoLogger [main] Starting NewAppApplication using Java 11.0.17 on DESKTOP-47TVEOI with PID 9180 (E:\Crawler\target\classes started by thien in E:\Crawler)
2024-01-19 09:50:34,032 INFO org.springframework.boot.SpringApplication [main] No active profile set, falling back to 1 default profile: "default"
2024-01-19 09:50:34,624 INFO org.springframework.data.repository.config.RepositoryConfigurationDelegate [main] Bootstrapping Spring Data JPA repositories in DEFAULT mode.
2024-01-19 09:50:34,652 INFO org.springframework.data.repository.config.RepositoryConfigurationDelegate [main] Finished Spring Data repository scanning in 29 ms. Found 1 JPA repository interfaces.
2024-01-19 09:50:35,102 INFO org.springframework.boot.web.embedded.tomcat.TomcatWebServer [main] Tomcat initialized with port(s): 8888 (http)
2024-01-19 09:50:35,107 INFO org.apache.juli.logging.DirectJDKLog [main] Initializing ProtocolHandler ["http-nio-8888"]
2024-01-19 09:50:35,109 INFO org.apache.juli.logging.DirectJDKLog [main] Starting service [Tomcat]
2024-01-19 09:50:35,109 INFO org.apache.juli.logging.DirectJDKLog [main] Starting Servlet engine: [Apache Tomcat/9.0.76]
2024-01-19 09:50:35,300 INFO org.apache.juli.logging.DirectJDKLog [main] Initializing Spring embedded WebApplicationContext
2024-01-19 09:50:35,301 INFO org.springframework.boot.web.servlet.context.ServletWebServerApplicationContext [main] Root WebApplicationContext: initialization completed in 1198 ms
2024-01-19 09:50:35,461 INFO org.hibernate.jpa.internal.util.LogHelper [main] HHH000204: Processing PersistenceUnitInfo [name: default]
2024-01-19 09:50:35,494 INFO org.hibernate.Version [main] HHH000412: Hibernate ORM core version 5.6.15.Final
2024-01-19 09:50:35,622 INFO org.hibernate.annotations.common.reflection.java.JavaReflectionManager [main] HCANN000001: Hibernate Commons Annotations {5.1.2.Final}
2024-01-19 09:50:35,715 INFO com.zaxxer.hikari.HikariDataSource [main] HikariPool-1 - Starting...
2024-01-19 09:50:35,880 INFO com.zaxxer.hikari.HikariDataSource [main] HikariPool-1 - Start completed.
2024-01-19 09:50:35,891 INFO org.hibernate.dialect.Dialect [main] HHH000400: Using dialect: org.hibernate.dialect.MySQL5InnoDBDialect
2024-01-19 09:50:36,322 INFO org.hibernate.engine.transaction.jta.platform.internal.JtaPlatformInitiator [main] HHH000490: Using JtaPlatform implementation: [org.hibernate.engine.transaction.jta.platform.internal.NoJtaPlatform]
2024-01-19 09:50:36,330 INFO org.springframework.orm.jpa.AbstractEntityManagerFactoryBean [main] Initialized JPA EntityManagerFactory for persistence unit 'default'
2024-01-19 09:50:36,706 WARN org.springframework.boot.autoconfigure.orm.jpa.JpaBaseConfiguration$JpaWebConfiguration [main] spring.jpa.open-in-view is enabled by default. Therefore, database queries may be performed during view rendering. Explicitly configure spring.jpa.open-in-view to disable this warning
2024-01-19 09:50:36,945 INFO org.apache.juli.logging.DirectJDKLog [main] Starting ProtocolHandler ["http-nio-8888"]
2024-01-19 09:50:36,960 INFO org.springframework.boot.web.embedded.tomcat.TomcatWebServer [main] Tomcat started on port(s): 8888 (http) with context path ''
2024-01-19 09:50:36,976 INFO org.springframework.boot.StartupInfoLogger [main] Started NewAppApplication in 3.451 seconds (JVM running for 4.423)
2024-01-19 09:50:42,606 INFO org.apache.juli.logging.DirectJDKLog [http-nio-8888-exec-1] Initializing Spring DispatcherServlet 'dispatcherServlet'
2024-01-19 09:50:42,606 INFO org.springframework.web.servlet.FrameworkServlet [http-nio-8888-exec-1] Initializing Servlet 'dispatcherServlet'
2024-01-19 09:50:42,608 INFO org.springframework.web.servlet.FrameworkServlet [http-nio-8888-exec-1] Completed initialization in 1 ms
2024-01-19 09:50:44,715 INFO com.example.newapp.controll.WebsiteController [http-nio-8888-exec-1] Run python script code in cmd Success : 
2024-01-19 09:52:38,492 INFO com.example.newapp.controll.WebsiteController [http-nio-8888-exec-4] Get all list website Success : 
2024-01-19 09:54:27,953 INFO com.example.newapp.controll.WebsiteController [http-nio-8888-exec-6] Get all list website Success : 
2024-01-19 09:54:35,336 INFO com.example.newapp.controll.WebsiteController [http-nio-8888-exec-7] Get all list website Success : 
2024-01-19 09:55:44,051 INFO com.example.newapp.controll.WebsiteController [http-nio-8888-exec-9] Get all list website Success : 
2024-01-19 09:55:52,109 INFO com.example.newapp.controll.WebsiteController [http-nio-8888-exec-10] Get all list website Success : 
2024-01-19 09:57:19,111 INFO com.example.newapp.controll.WebsiteController [http-nio-8888-exec-1] Get all list website Success : 
2024-01-19 09:57:58,627 INFO com.example.newapp.controll.WebsiteController [http-nio-8888-exec-3] Get all list website Success : 
2024-01-19 09:58:01,973 INFO com.example.newapp.controll.WebsiteController [http-nio-8888-exec-4] Get all list website Success : 
2024-01-19 09:58:13,481 INFO com.example.newapp.controll.WebsiteController [http-nio-8888-exec-5] Get all list website Success : 
2024-01-19 09:58:25,187 INFO com.example.newapp.controll.WebsiteController [http-nio-8888-exec-6] Get all list website Success : 
2024-01-19 10:02:31,301 INFO org.springframework.boot.StartupInfoLogger [main] Starting NewAppApplication using Java 11.0.17 on DESKTOP-47TVEOI with PID 11844 (E:\Crawler\target\classes started by thien in E:\Crawler)
2024-01-19 10:02:31,301 INFO org.springframework.boot.SpringApplication [main] No active profile set, falling back to 1 default profile: "default"
2024-01-19 10:02:31,817 INFO org.springframework.data.repository.config.RepositoryConfigurationDelegate [main] Bootstrapping Spring Data JPA repositories in DEFAULT mode.
2024-01-19 10:02:31,855 INFO org.springframework.data.repository.config.RepositoryConfigurationDelegate [main] Finished Spring Data repository scanning in 27 ms. Found 1 JPA repository interfaces.
2024-01-19 10:02:32,187 INFO org.springframework.boot.web.embedded.tomcat.TomcatWebServer [main] Tomcat initialized with port(s): 8888 (http)
2024-01-19 10:02:32,187 INFO org.apache.juli.logging.DirectJDKLog [main] Initializing ProtocolHandler ["http-nio-8888"]
2024-01-19 10:02:32,187 INFO org.apache.juli.logging.DirectJDKLog [main] Starting service [Tomcat]
2024-01-19 10:02:32,187 INFO org.apache.juli.logging.DirectJDKLog [main] Starting Servlet engine: [Apache Tomcat/9.0.76]
2024-01-19 10:02:32,272 INFO org.apache.juli.logging.DirectJDKLog [main] Initializing Spring embedded WebApplicationContext
2024-01-19 10:02:32,272 INFO org.springframework.boot.web.servlet.context.ServletWebServerApplicationContext [main] Root WebApplicationContext: initialization completed in 901 ms
2024-01-19 10:02:32,403 INFO org.hibernate.jpa.internal.util.LogHelper [main] HHH000204: Processing PersistenceUnitInfo [name: default]
2024-01-19 10:02:32,441 INFO org.hibernate.Version [main] HHH000412: Hibernate ORM core version 5.6.15.Final
2024-01-19 10:02:32,541 INFO org.hibernate.annotations.common.reflection.java.JavaReflectionManager [main] HCANN000001: Hibernate Commons Annotations {5.1.2.Final}
2024-01-19 10:02:32,594 INFO com.zaxxer.hikari.HikariDataSource [main] HikariPool-1 - Starting...
2024-01-19 10:02:32,704 INFO com.zaxxer.hikari.HikariDataSource [main] HikariPool-1 - Start completed.
2024-01-19 10:02:32,704 INFO org.hibernate.dialect.Dialect [main] HHH000400: Using dialect: org.hibernate.dialect.MySQL5InnoDBDialect
2024-01-19 10:02:33,074 INFO org.hibernate.engine.transaction.jta.platform.internal.JtaPlatformInitiator [main] HHH000490: Using JtaPlatform implementation: [org.hibernate.engine.transaction.jta.platform.internal.NoJtaPlatform]
2024-01-19 10:02:33,074 INFO org.springframework.orm.jpa.AbstractEntityManagerFactoryBean [main] Initialized JPA EntityManagerFactory for persistence unit 'default'
2024-01-19 10:02:33,306 WARN org.springframework.boot.autoconfigure.orm.jpa.JpaBaseConfiguration$JpaWebConfiguration [main] spring.jpa.open-in-view is enabled by default. Therefore, database queries may be performed during view rendering. Explicitly configure spring.jpa.open-in-view to disable this warning
2024-01-19 10:02:33,516 INFO org.apache.juli.logging.DirectJDKLog [main] Starting ProtocolHandler ["http-nio-8888"]
2024-01-19 10:02:33,544 INFO org.springframework.boot.web.embedded.tomcat.TomcatWebServer [main] Tomcat started on port(s): 8888 (http) with context path ''
2024-01-19 10:02:33,544 INFO org.springframework.boot.StartupInfoLogger [main] Started NewAppApplication in 2.715 seconds (JVM running for 3.496)
2024-01-19 10:02:42,095 INFO org.apache.juli.logging.DirectJDKLog [http-nio-8888-exec-1] Initializing Spring DispatcherServlet 'dispatcherServlet'
2024-01-19 10:02:42,095 INFO org.springframework.web.servlet.FrameworkServlet [http-nio-8888-exec-1] Initializing Servlet 'dispatcherServlet'
2024-01-19 10:02:42,095 INFO org.springframework.web.servlet.FrameworkServlet [http-nio-8888-exec-1] Completed initialization in 0 ms
2024-01-19 10:02:42,210 INFO com.example.newapp.controll.WebsiteController [http-nio-8888-exec-1] Get all list website Success : 
2024-01-19 10:02:47,631 INFO com.example.newapp.controll.WebsiteController [http-nio-8888-exec-2] Run python script code in cmd Success : 
2024-01-19 10:03:29,434 INFO com.example.newapp.controll.WebsiteController [http-nio-8888-exec-3] Run python script code in cmd Success : 
2024-01-19 10:04:08,860 INFO com.example.newapp.controll.WebsiteController [http-nio-8888-exec-5] Get all list website Success : 
2024-01-19 10:04:11,091 INFO com.example.newapp.controll.WebsiteController [http-nio-8888-exec-7] Run python script code in cmd Success : 
2024-01-19 10:04:34,180 INFO org.springframework.boot.StartupInfoLogger [main] Starting NewAppApplication using Java 11.0.17 on DESKTOP-47TVEOI with PID 13604 (E:\Crawler\target\classes started by thien in E:\Crawler)
2024-01-19 10:04:34,180 INFO org.springframework.boot.SpringApplication [main] No active profile set, falling back to 1 default profile: "default"
2024-01-19 10:04:34,675 INFO org.springframework.data.repository.config.RepositoryConfigurationDelegate [main] Bootstrapping Spring Data JPA repositories in DEFAULT mode.
2024-01-19 10:04:34,722 INFO org.springframework.data.repository.config.RepositoryConfigurationDelegate [main] Finished Spring Data repository scanning in 37 ms. Found 1 JPA repository interfaces.
2024-01-19 10:04:35,113 INFO org.springframework.boot.web.embedded.tomcat.TomcatWebServer [main] Tomcat initialized with port(s): 8888 (http)
2024-01-19 10:04:35,129 INFO org.apache.juli.logging.DirectJDKLog [main] Initializing ProtocolHandler ["http-nio-8888"]
2024-01-19 10:04:35,129 INFO org.apache.juli.logging.DirectJDKLog [main] Starting service [Tomcat]
2024-01-19 10:04:35,129 INFO org.apache.juli.logging.DirectJDKLog [main] Starting Servlet engine: [Apache Tomcat/9.0.76]
2024-01-19 10:04:35,245 INFO org.apache.juli.logging.DirectJDKLog [main] Initializing Spring embedded WebApplicationContext
2024-01-19 10:04:35,245 INFO org.springframework.boot.web.servlet.context.ServletWebServerApplicationContext [main] Root WebApplicationContext: initialization completed in 1018 ms
2024-01-19 10:04:35,383 INFO org.hibernate.jpa.internal.util.LogHelper [main] HHH000204: Processing PersistenceUnitInfo [name: default]
2024-01-19 10:04:35,414 INFO org.hibernate.Version [main] HHH000412: Hibernate ORM core version 5.6.15.Final
2024-01-19 10:04:35,530 INFO org.hibernate.annotations.common.reflection.java.JavaReflectionManager [main] HCANN000001: Hibernate Commons Annotations {5.1.2.Final}
2024-01-19 10:04:35,642 INFO com.zaxxer.hikari.HikariDataSource [main] HikariPool-1 - Starting...
2024-01-19 10:04:35,799 INFO com.zaxxer.hikari.HikariDataSource [main] HikariPool-1 - Start completed.
2024-01-19 10:04:35,811 INFO org.hibernate.dialect.Dialect [main] HHH000400: Using dialect: org.hibernate.dialect.MySQL5InnoDBDialect
2024-01-19 10:04:36,325 INFO org.hibernate.engine.transaction.jta.platform.internal.JtaPlatformInitiator [main] HHH000490: Using JtaPlatform implementation: [org.hibernate.engine.transaction.jta.platform.internal.NoJtaPlatform]
2024-01-19 10:04:36,335 INFO org.springframework.orm.jpa.AbstractEntityManagerFactoryBean [main] Initialized JPA EntityManagerFactory for persistence unit 'default'
2024-01-19 10:04:36,678 WARN org.springframework.boot.autoconfigure.orm.jpa.JpaBaseConfiguration$JpaWebConfiguration [main] spring.jpa.open-in-view is enabled by default. Therefore, database queries may be performed during view rendering. Explicitly configure spring.jpa.open-in-view to disable this warning
2024-01-19 10:04:36,973 INFO org.apache.juli.logging.DirectJDKLog [main] Starting ProtocolHandler ["http-nio-8888"]
2024-01-19 10:04:36,990 INFO org.springframework.boot.web.embedded.tomcat.TomcatWebServer [main] Tomcat started on port(s): 8888 (http) with context path ''
2024-01-19 10:04:36,997 INFO org.springframework.boot.StartupInfoLogger [main] Started NewAppApplication in 3.363 seconds (JVM running for 4.475)
2024-01-19 10:04:44,492 INFO org.apache.juli.logging.DirectJDKLog [http-nio-8888-exec-1] Initializing Spring DispatcherServlet 'dispatcherServlet'
2024-01-19 10:04:44,493 INFO org.springframework.web.servlet.FrameworkServlet [http-nio-8888-exec-1] Initializing Servlet 'dispatcherServlet'
2024-01-19 10:04:44,494 INFO org.springframework.web.servlet.FrameworkServlet [http-nio-8888-exec-1] Completed initialization in 1 ms
2024-01-19 10:05:19,260 INFO com.example.newapp.controll.WebsiteController [http-nio-8888-exec-1] Run python script code in cmd Success : 
2024-01-19 10:05:49,914 INFO com.example.newapp.controll.WebsiteController [http-nio-8888-exec-3] Get all list website Success : 
2024-01-19 10:06:17,479 INFO com.example.newapp.controll.WebsiteController [http-nio-8888-exec-4] Get all list website Success : 
2024-01-19 10:07:24,976 INFO com.example.newapp.controll.WebsiteController [http-nio-8888-exec-7] Run python script code in cmd Success : 
2024-01-19 10:07:45,352 INFO com.example.newapp.controll.WebsiteController [http-nio-8888-exec-9] Run python script code in cmd Success : 
2024-01-19 10:08:41,438 INFO com.example.newapp.controll.WebsiteController [http-nio-8888-exec-10] Run python script code in cmd Success : 
2024-01-19 10:21:47,027 INFO com.example.newapp.controll.WebsiteController [http-nio-8888-exec-1] Get all list website Success : 
2024-01-19 10:25:19,751 INFO com.example.newapp.controll.WebsiteController [http-nio-8888-exec-4] Get all list website Success : 
2024-01-19 10:26:48,640 INFO com.example.newapp.controll.WebsiteController [http-nio-8888-exec-5] Get all list website Success : 
2024-01-19 10:27:05,517 INFO com.example.newapp.controll.WebsiteController [http-nio-8888-exec-8] Get all list website Success : 
2024-01-19 10:28:31,154 INFO com.example.newapp.controll.WebsiteController [http-nio-8888-exec-9] Get all list website Success : 
2024-01-19 10:28:35,588 INFO com.example.newapp.controll.WebsiteController [http-nio-8888-exec-10] Get all list website Success : 
2024-01-19 10:28:50,534 INFO com.example.newapp.controll.WebsiteController [http-nio-8888-exec-2] Get all list website Success : 
2024-01-19 10:29:32,718 INFO com.example.newapp.controll.WebsiteController [http-nio-8888-exec-1] Get all list website Success : 
2024-01-19 10:29:56,429 INFO com.example.newapp.controll.WebsiteController [http-nio-8888-exec-3] Get all list website Success : 
2024-01-19 10:30:12,165 INFO com.example.newapp.controll.WebsiteController [http-nio-8888-exec-4] Get all list website Success : 
2024-01-19 10:30:19,698 INFO com.example.newapp.controll.WebsiteController [http-nio-8888-exec-6] Get all list website Success : 
2024-01-19 10:32:06,140 INFO com.example.newapp.controll.WebsiteController [http-nio-8888-exec-8] Get all list website Success : 
2024-01-19 10:36:05,203 INFO com.example.newapp.controll.WebsiteController [http-nio-8888-exec-9] Get all list website Success : 
2024-01-19 10:38:54,709 INFO com.example.newapp.controll.WebsiteController [http-nio-8888-exec-2] Get all list website Success : 
2024-01-19 10:39:07,257 INFO com.example.newapp.controll.WebsiteController [http-nio-8888-exec-1] Get all list website Success : 
2024-01-19 10:39:45,368 INFO com.example.newapp.controll.WebsiteController [http-nio-8888-exec-3] Get all list website Success : 
2024-01-19 10:40:02,317 INFO com.example.newapp.controll.WebsiteController [http-nio-8888-exec-4] Get all list website Success : 
2024-01-19 10:53:13,748 INFO com.example.newapp.controll.WebsiteController [http-nio-8888-exec-5] Get all list website Success : 
2024-01-19 10:54:21,760 INFO com.example.newapp.controll.WebsiteController [http-nio-8888-exec-7] Get all list website Success : 
2024-01-19 10:54:45,229 INFO com.example.newapp.controll.WebsiteController [http-nio-8888-exec-9] Get all list website Success : 
2024-01-19 10:54:46,484 INFO com.example.newapp.controll.WebsiteController [http-nio-8888-exec-10] Get all list website Success : 
2024-01-19 10:56:20,615 INFO com.example.newapp.controll.WebsiteController [http-nio-8888-exec-1] Get all list website Success : 
2024-01-19 10:56:44,117 INFO com.example.newapp.controll.WebsiteController [http-nio-8888-exec-3] Get all list website Success : 
2024-01-19 10:57:43,027 INFO org.springframework.orm.jpa.AbstractEntityManagerFactoryBean [SpringApplicationShutdownHook] Closing JPA EntityManagerFactory for persistence unit 'default'
2024-01-19 10:57:43,031 INFO com.zaxxer.hikari.HikariDataSource [SpringApplicationShutdownHook] HikariPool-1 - Shutdown initiated...
2024-01-19 10:57:43,040 INFO com.zaxxer.hikari.HikariDataSource [SpringApplicationShutdownHook] HikariPool-1 - Shutdown completed.
2024-01-19 14:51:46,301 INFO org.springframework.boot.StartupInfoLogger [main] Starting NewAppApplication using Java 11.0.17 on DESKTOP-47TVEOI with PID 3396 (E:\Crawler\target\classes started by thien in E:\Crawler)
2024-01-19 14:51:46,310 INFO org.springframework.boot.SpringApplication [main] No active profile set, falling back to 1 default profile: "default"
2024-01-19 14:51:46,913 INFO org.springframework.data.repository.config.RepositoryConfigurationDelegate [main] Bootstrapping Spring Data JPA repositories in DEFAULT mode.
2024-01-19 14:51:46,963 INFO org.springframework.data.repository.config.RepositoryConfigurationDelegate [main] Finished Spring Data repository scanning in 42 ms. Found 1 JPA repository interfaces.
2024-01-19 14:51:47,402 INFO org.springframework.boot.web.embedded.tomcat.TomcatWebServer [main] Tomcat initialized with port(s): 8888 (http)
2024-01-19 14:51:47,408 INFO org.apache.juli.logging.DirectJDKLog [main] Initializing ProtocolHandler ["http-nio-8888"]
2024-01-19 14:51:47,410 INFO org.apache.juli.logging.DirectJDKLog [main] Starting service [Tomcat]
2024-01-19 14:51:47,410 INFO org.apache.juli.logging.DirectJDKLog [main] Starting Servlet engine: [Apache Tomcat/9.0.76]
2024-01-19 14:51:47,563 INFO org.apache.juli.logging.DirectJDKLog [main] Initializing Spring embedded WebApplicationContext
2024-01-19 14:51:47,563 INFO org.springframework.boot.web.servlet.context.ServletWebServerApplicationContext [main] Root WebApplicationContext: initialization completed in 1220 ms
2024-01-19 14:51:47,750 INFO org.hibernate.jpa.internal.util.LogHelper [main] HHH000204: Processing PersistenceUnitInfo [name: default]
2024-01-19 14:51:47,798 INFO org.hibernate.Version [main] HHH000412: Hibernate ORM core version 5.6.15.Final
2024-01-19 14:51:47,917 INFO org.hibernate.annotations.common.reflection.java.JavaReflectionManager [main] HCANN000001: Hibernate Commons Annotations {5.1.2.Final}
2024-01-19 14:51:48,030 INFO com.zaxxer.hikari.HikariDataSource [main] HikariPool-1 - Starting...
2024-01-19 14:51:48,153 INFO com.zaxxer.hikari.HikariDataSource [main] HikariPool-1 - Start completed.
2024-01-19 14:51:48,166 INFO org.hibernate.dialect.Dialect [main] HHH000400: Using dialect: org.hibernate.dialect.MySQL5InnoDBDialect
2024-01-19 14:51:48,635 INFO org.hibernate.engine.transaction.jta.platform.internal.JtaPlatformInitiator [main] HHH000490: Using JtaPlatform implementation: [org.hibernate.engine.transaction.jta.platform.internal.NoJtaPlatform]
2024-01-19 14:51:48,644 INFO org.springframework.orm.jpa.AbstractEntityManagerFactoryBean [main] Initialized JPA EntityManagerFactory for persistence unit 'default'
2024-01-19 14:51:48,945 WARN org.springframework.boot.autoconfigure.orm.jpa.JpaBaseConfiguration$JpaWebConfiguration [main] spring.jpa.open-in-view is enabled by default. Therefore, database queries may be performed during view rendering. Explicitly configure spring.jpa.open-in-view to disable this warning
2024-01-19 14:51:49,268 INFO org.apache.juli.logging.DirectJDKLog [main] Starting ProtocolHandler ["http-nio-8888"]
2024-01-19 14:51:49,283 INFO org.springframework.boot.web.embedded.tomcat.TomcatWebServer [main] Tomcat started on port(s): 8888 (http) with context path ''
2024-01-19 14:51:49,291 INFO org.springframework.boot.StartupInfoLogger [main] Started NewAppApplication in 3.779 seconds (JVM running for 5.252)
2024-01-19 14:51:50,040 INFO org.apache.juli.logging.DirectJDKLog [http-nio-8888-exec-1] Initializing Spring DispatcherServlet 'dispatcherServlet'
2024-01-19 14:51:50,041 INFO org.springframework.web.servlet.FrameworkServlet [http-nio-8888-exec-1] Initializing Servlet 'dispatcherServlet'
2024-01-19 14:51:50,042 INFO org.springframework.web.servlet.FrameworkServlet [http-nio-8888-exec-1] Completed initialization in 0 ms
2024-01-19 14:51:50,730 INFO com.example.newapp.controll.WebsiteController [http-nio-8888-exec-1] Get all list website Success : 
2024-01-19 14:51:57,087 INFO com.example.newapp.controll.WebsiteController [http-nio-8888-exec-2] Get all list website Success : 
2024-01-19 15:46:30,620 INFO org.springframework.boot.StartupInfoLogger [main] Starting NewAppApplication using Java 11.0.17 on DESKTOP-47TVEOI with PID 4360 (E:\Crawler\target\classes started by thien in E:\Crawler)
2024-01-19 15:46:30,623 INFO org.springframework.boot.SpringApplication [main] No active profile set, falling back to 1 default profile: "default"
2024-01-19 15:46:31,090 INFO org.springframework.data.repository.config.RepositoryConfigurationDelegate [main] Bootstrapping Spring Data JPA repositories in DEFAULT mode.
2024-01-19 15:46:31,125 INFO org.springframework.data.repository.config.RepositoryConfigurationDelegate [main] Finished Spring Data repository scanning in 28 ms. Found 1 JPA repository interfaces.
2024-01-19 15:46:31,502 INFO org.springframework.boot.web.embedded.tomcat.TomcatWebServer [main] Tomcat initialized with port(s): 8888 (http)
2024-01-19 15:46:31,508 INFO org.apache.juli.logging.DirectJDKLog [main] Initializing ProtocolHandler ["http-nio-8888"]
2024-01-19 15:46:31,509 INFO org.apache.juli.logging.DirectJDKLog [main] Starting service [Tomcat]
2024-01-19 15:46:31,510 INFO org.apache.juli.logging.DirectJDKLog [main] Starting Servlet engine: [Apache Tomcat/9.0.76]
2024-01-19 15:46:31,602 INFO org.apache.juli.logging.DirectJDKLog [main] Initializing Spring embedded WebApplicationContext
2024-01-19 15:46:31,602 INFO org.springframework.boot.web.servlet.context.ServletWebServerApplicationContext [main] Root WebApplicationContext: initialization completed in 949 ms
2024-01-19 15:46:31,728 INFO org.hibernate.jpa.internal.util.LogHelper [main] HHH000204: Processing PersistenceUnitInfo [name: default]
2024-01-19 15:46:31,786 INFO org.hibernate.Version [main] HHH000412: Hibernate ORM core version 5.6.15.Final
2024-01-19 15:46:31,893 INFO org.hibernate.annotations.common.reflection.java.JavaReflectionManager [main] HCANN000001: Hibernate Commons Annotations {5.1.2.Final}
2024-01-19 15:46:31,972 INFO com.zaxxer.hikari.HikariDataSource [main] HikariPool-1 - Starting...
2024-01-19 15:46:32,080 INFO com.zaxxer.hikari.HikariDataSource [main] HikariPool-1 - Start completed.
2024-01-19 15:46:32,091 INFO org.hibernate.dialect.Dialect [main] HHH000400: Using dialect: org.hibernate.dialect.MySQL5InnoDBDialect
2024-01-19 15:46:32,489 INFO org.hibernate.engine.transaction.jta.platform.internal.JtaPlatformInitiator [main] HHH000490: Using JtaPlatform implementation: [org.hibernate.engine.transaction.jta.platform.internal.NoJtaPlatform]
2024-01-19 15:46:32,496 INFO org.springframework.orm.jpa.AbstractEntityManagerFactoryBean [main] Initialized JPA EntityManagerFactory for persistence unit 'default'
2024-01-19 15:46:32,741 WARN org.springframework.boot.autoconfigure.orm.jpa.JpaBaseConfiguration$JpaWebConfiguration [main] spring.jpa.open-in-view is enabled by default. Therefore, database queries may be performed during view rendering. Explicitly configure spring.jpa.open-in-view to disable this warning
2024-01-19 15:46:32,986 INFO org.apache.juli.logging.DirectJDKLog [main] Starting ProtocolHandler ["http-nio-8888"]
2024-01-19 15:46:33,004 INFO org.springframework.boot.web.embedded.tomcat.TomcatWebServer [main] Tomcat started on port(s): 8888 (http) with context path ''
2024-01-19 15:46:33,013 INFO org.springframework.boot.StartupInfoLogger [main] Started NewAppApplication in 2.923 seconds (JVM running for 4.454)
2024-01-19 15:46:50,097 INFO org.apache.juli.logging.DirectJDKLog [http-nio-8888-exec-1] Initializing Spring DispatcherServlet 'dispatcherServlet'
2024-01-19 15:46:50,098 INFO org.springframework.web.servlet.FrameworkServlet [http-nio-8888-exec-1] Initializing Servlet 'dispatcherServlet'
2024-01-19 15:46:50,099 INFO org.springframework.web.servlet.FrameworkServlet [http-nio-8888-exec-1] Completed initialization in 1 ms
2024-01-19 15:46:51,039 INFO com.example.newapp.controll.WebsiteController [http-nio-8888-exec-1] Get all list website Success : 
2024-01-19 15:47:10,377 INFO com.example.newapp.controll.WebsiteController [http-nio-8888-exec-2] Get all list website Success : 
2024-01-19 15:48:09,102 INFO com.example.newapp.controll.WebsiteController [http-nio-8888-exec-5] Get all list website Success : 
2024-01-19 15:48:37,899 INFO com.example.newapp.controll.WebsiteController [http-nio-8888-exec-7] Get all list website Success : 
2024-01-19 15:49:34,377 INFO com.example.newapp.controll.WebsiteController [http-nio-8888-exec-8] Get all list website Success : 
2024-01-19 15:49:55,082 INFO com.example.newapp.controll.WebsiteController [http-nio-8888-exec-9] Get all list website Success : 
2024-01-19 15:50:07,648 INFO com.example.newapp.controll.WebsiteController [http-nio-8888-exec-10] Get all list website Success : 
2024-01-19 16:32:41,859 INFO org.springframework.boot.StartupInfoLogger [main] Starting NewAppApplication using Java 11.0.17 on DESKTOP-47TVEOI with PID 1676 (E:\Crawler\target\classes started by thien in E:\Crawler)
2024-01-19 16:32:41,875 INFO org.springframework.boot.SpringApplication [main] No active profile set, falling back to 1 default profile: "default"
2024-01-19 16:32:42,429 INFO org.springframework.data.repository.config.RepositoryConfigurationDelegate [main] Bootstrapping Spring Data JPA repositories in DEFAULT mode.
2024-01-19 16:32:42,492 INFO org.springframework.data.repository.config.RepositoryConfigurationDelegate [main] Finished Spring Data repository scanning in 39 ms. Found 1 JPA repository interfaces.
2024-01-19 16:32:42,886 INFO org.springframework.boot.web.embedded.tomcat.TomcatWebServer [main] Tomcat initialized with port(s): 8888 (http)
2024-01-19 16:32:42,886 INFO org.apache.juli.logging.DirectJDKLog [main] Initializing ProtocolHandler ["http-nio-8888"]
2024-01-19 16:32:42,886 INFO org.apache.juli.logging.DirectJDKLog [main] Starting service [Tomcat]
2024-01-19 16:32:42,886 INFO org.apache.juli.logging.DirectJDKLog [main] Starting Servlet engine: [Apache Tomcat/9.0.76]
2024-01-19 16:32:43,000 INFO org.apache.juli.logging.DirectJDKLog [main] Initializing Spring embedded WebApplicationContext
2024-01-19 16:32:43,000 INFO org.springframework.boot.web.servlet.context.ServletWebServerApplicationContext [main] Root WebApplicationContext: initialization completed in 1087 ms
2024-01-19 16:32:43,162 INFO org.hibernate.jpa.internal.util.LogHelper [main] HHH000204: Processing PersistenceUnitInfo [name: default]
2024-01-19 16:32:43,216 INFO org.hibernate.Version [main] HHH000412: Hibernate ORM core version 5.6.15.Final
2024-01-19 16:32:43,327 INFO org.hibernate.annotations.common.reflection.java.JavaReflectionManager [main] HCANN000001: Hibernate Commons Annotations {5.1.2.Final}
2024-01-19 16:32:43,400 INFO com.zaxxer.hikari.HikariDataSource [main] HikariPool-1 - Starting...
2024-01-19 16:32:43,563 INFO com.zaxxer.hikari.HikariDataSource [main] HikariPool-1 - Start completed.
2024-01-19 16:32:43,579 INFO org.hibernate.dialect.Dialect [main] HHH000400: Using dialect: org.hibernate.dialect.MySQL5InnoDBDialect
2024-01-19 16:32:44,033 INFO org.hibernate.engine.transaction.jta.platform.internal.JtaPlatformInitiator [main] HHH000490: Using JtaPlatform implementation: [org.hibernate.engine.transaction.jta.platform.internal.NoJtaPlatform]
2024-01-19 16:32:44,033 INFO org.springframework.orm.jpa.AbstractEntityManagerFactoryBean [main] Initialized JPA EntityManagerFactory for persistence unit 'default'
2024-01-19 16:32:44,303 WARN org.springframework.boot.autoconfigure.orm.jpa.JpaBaseConfiguration$JpaWebConfiguration [main] spring.jpa.open-in-view is enabled by default. Therefore, database queries may be performed during view rendering. Explicitly configure spring.jpa.open-in-view to disable this warning
2024-01-19 16:32:44,550 INFO org.apache.juli.logging.DirectJDKLog [main] Starting ProtocolHandler ["http-nio-8888"]
2024-01-19 16:32:44,566 INFO org.springframework.boot.web.embedded.tomcat.TomcatWebServer [main] Tomcat started on port(s): 8888 (http) with context path ''
2024-01-19 16:32:44,581 INFO org.springframework.boot.StartupInfoLogger [main] Started NewAppApplication in 3.268 seconds (JVM running for 4.425)
2024-01-19 16:34:59,004 INFO org.apache.juli.logging.DirectJDKLog [http-nio-8888-exec-1] Initializing Spring DispatcherServlet 'dispatcherServlet'
2024-01-19 16:34:59,005 INFO org.springframework.web.servlet.FrameworkServlet [http-nio-8888-exec-1] Initializing Servlet 'dispatcherServlet'
2024-01-19 16:34:59,006 INFO org.springframework.web.servlet.FrameworkServlet [http-nio-8888-exec-1] Completed initialization in 1 ms
2024-01-19 16:34:59,168 INFO com.example.newapp.controll.WebsiteController [http-nio-8888-exec-1] Get all list website Success : 
2024-01-19 16:35:35,763 INFO com.example.newapp.controll.WebsiteController [http-nio-8888-exec-2] Open config website Success : 
2024-01-19 16:48:34,259 INFO com.example.newapp.controll.WebsiteController [http-nio-8888-exec-6] Get all list website Success : 
2024-01-19 16:48:41,730 INFO com.example.newapp.controll.WebsiteController [http-nio-8888-exec-7] Get all list website Success : 
2024-01-19 16:48:43,091 INFO com.example.newapp.controll.WebsiteController [http-nio-8888-exec-8] Open config website Success : 
2024-01-19 16:49:14,515 INFO com.example.newapp.controll.WebsiteController [http-nio-8888-exec-9] Get all list website Success : 
2024-01-19 16:49:16,340 INFO com.example.newapp.controll.WebsiteController [http-nio-8888-exec-10] Open config website Success : 
2024-01-19 16:50:30,664 INFO com.example.newapp.controll.WebsiteController [http-nio-8888-exec-2] Get all list website Success : 
2024-01-19 16:50:37,242 INFO com.example.newapp.controll.WebsiteController [http-nio-8888-exec-4] Get all list website Success : 
2024-01-19 16:50:44,896 INFO com.example.newapp.controll.WebsiteController [http-nio-8888-exec-3] Get all list website Success : 
2024-01-19 16:59:03,306 INFO com.example.newapp.controll.WebsiteController [http-nio-8888-exec-6] Get all list website Success : 
2024-01-19 16:59:07,499 INFO com.example.newapp.controll.WebsiteController [http-nio-8888-exec-8] Get name website Success : 
2024-01-19 16:59:17,998 ERROR com.example.newapp.controll.WebsiteController [http-nio-8888-exec-7] Run python script code in cmd Fail : 
2024-01-19 16:59:24,562 INFO com.example.newapp.controll.WebsiteController [http-nio-8888-exec-10] Get name website Success : 
2024-01-19 16:59:26,283 ERROR com.example.newapp.controll.WebsiteController [http-nio-8888-exec-9] Run python script code in cmd Fail : 
2024-01-19 17:07:22,177 INFO com.example.newapp.controll.WebsiteController [http-nio-8888-exec-2] Open config website Success : 
2024-01-19 17:07:26,152 ERROR org.apache.juli.logging.DirectJDKLog [http-nio-8888-exec-4] Servlet.service() for servlet [dispatcherServlet] in context with path [] threw exception [Request processing failed; nested exception is java.lang.NullPointerException] with root cause
java.lang.NullPointerException: null
	at com.example.newapp.controll.WebsiteController.getConfig(WebsiteController.java:155)
	at java.base/jdk.internal.reflect.NativeMethodAccessorImpl.invoke0(Native Method)
	at java.base/jdk.internal.reflect.NativeMethodAccessorImpl.invoke(NativeMethodAccessorImpl.java:62)
	at java.base/jdk.internal.reflect.DelegatingMethodAccessorImpl.invoke(DelegatingMethodAccessorImpl.java:43)
	at java.base/java.lang.reflect.Method.invoke(Method.java:566)
	at org.springframework.web.method.support.InvocableHandlerMethod.doInvoke(InvocableHandlerMethod.java:205)
	at org.springframework.web.method.support.InvocableHandlerMethod.invokeForRequest(InvocableHandlerMethod.java:150)
	at org.springframework.web.servlet.mvc.method.annotation.ServletInvocableHandlerMethod.invokeAndHandle(ServletInvocableHandlerMethod.java:117)
	at org.springframework.web.servlet.mvc.method.annotation.RequestMappingHandlerAdapter.invokeHandlerMethod(RequestMappingHandlerAdapter.java:895)
	at org.springframework.web.servlet.mvc.method.annotation.RequestMappingHandlerAdapter.handleInternal(RequestMappingHandlerAdapter.java:808)
	at org.springframework.web.servlet.mvc.method.AbstractHandlerMethodAdapter.handle(AbstractHandlerMethodAdapter.java:87)
	at org.springframework.web.servlet.DispatcherServlet.doDispatch(DispatcherServlet.java:1072)
	at org.springframework.web.servlet.DispatcherServlet.doService(DispatcherServlet.java:965)
	at org.springframework.web.servlet.FrameworkServlet.processRequest(FrameworkServlet.java:1006)
	at org.springframework.web.servlet.FrameworkServlet.doGet(FrameworkServlet.java:898)
	at javax.servlet.http.HttpServlet.service(HttpServlet.java:529)
	at org.springframework.web.servlet.FrameworkServlet.service(FrameworkServlet.java:883)
	at javax.servlet.http.HttpServlet.service(HttpServlet.java:623)
	at org.apache.catalina.core.ApplicationFilterChain.internalDoFilter(ApplicationFilterChain.java:209)
	at org.apache.catalina.core.ApplicationFilterChain.doFilter(ApplicationFilterChain.java:153)
	at org.apache.tomcat.websocket.server.WsFilter.doFilter(WsFilter.java:51)
	at org.apache.catalina.core.ApplicationFilterChain.internalDoFilter(ApplicationFilterChain.java:178)
	at org.apache.catalina.core.ApplicationFilterChain.doFilter(ApplicationFilterChain.java:153)
	at org.springframework.web.filter.RequestContextFilter.doFilterInternal(RequestContextFilter.java:100)
	at org.springframework.web.filter.OncePerRequestFilter.doFilter(OncePerRequestFilter.java:117)
	at org.apache.catalina.core.ApplicationFilterChain.internalDoFilter(ApplicationFilterChain.java:178)
	at org.apache.catalina.core.ApplicationFilterChain.doFilter(ApplicationFilterChain.java:153)
	at org.springframework.web.filter.FormContentFilter.doFilterInternal(FormContentFilter.java:93)
	at org.springframework.web.filter.OncePerRequestFilter.doFilter(OncePerRequestFilter.java:117)
	at org.apache.catalina.core.ApplicationFilterChain.internalDoFilter(ApplicationFilterChain.java:178)
	at org.apache.catalina.core.ApplicationFilterChain.doFilter(ApplicationFilterChain.java:153)
	at org.springframework.web.filter.CharacterEncodingFilter.doFilterInternal(CharacterEncodingFilter.java:201)
	at org.springframework.web.filter.OncePerRequestFilter.doFilter(OncePerRequestFilter.java:117)
	at org.apache.catalina.core.ApplicationFilterChain.internalDoFilter(ApplicationFilterChain.java:178)
	at org.apache.catalina.core.ApplicationFilterChain.doFilter(ApplicationFilterChain.java:153)
	at org.apache.catalina.core.StandardWrapperValve.invoke(StandardWrapperValve.java:167)
	at org.apache.catalina.core.StandardContextValve.invoke(StandardContextValve.java:90)
	at org.apache.catalina.authenticator.AuthenticatorBase.invoke(AuthenticatorBase.java:481)
	at org.apache.catalina.core.StandardHostValve.invoke(StandardHostValve.java:130)
	at org.apache.catalina.valves.ErrorReportValve.invoke(ErrorReportValve.java:93)
	at org.apache.catalina.core.StandardEngineValve.invoke(StandardEngineValve.java:74)
	at org.apache.catalina.connector.CoyoteAdapter.service(CoyoteAdapter.java:343)
	at org.apache.coyote.http11.Http11Processor.service(Http11Processor.java:390)
	at org.apache.coyote.AbstractProcessorLight.process(AbstractProcessorLight.java:63)
	at org.apache.coyote.AbstractProtocol$ConnectionHandler.process(AbstractProtocol.java:926)
	at org.apache.tomcat.util.net.NioEndpoint$SocketProcessor.doRun(NioEndpoint.java:1791)
	at org.apache.tomcat.util.net.SocketProcessorBase.run(SocketProcessorBase.java:52)
	at org.apache.tomcat.util.threads.ThreadPoolExecutor.runWorker(ThreadPoolExecutor.java:1191)
	at org.apache.tomcat.util.threads.ThreadPoolExecutor$Worker.run(ThreadPoolExecutor.java:659)
	at org.apache.tomcat.util.threads.TaskThread$WrappingRunnable.run(TaskThread.java:61)
	at java.base/java.lang.Thread.run(Thread.java:834)
2024-01-19 17:07:42,973 INFO com.example.newapp.controll.WebsiteController [http-nio-8888-exec-3] Open config website Success : 
2024-01-19 17:08:56,355 INFO com.example.newapp.controll.WebsiteController [http-nio-8888-exec-8] Get name website Success : 
2024-01-19 17:08:56,410 INFO com.example.newapp.controll.WebsiteController [http-nio-8888-exec-7] Get all list website Success : 
2024-01-19 17:09:00,475 ERROR com.example.newapp.controll.WebsiteController [http-nio-8888-exec-6] Run python script code in cmd Fail : 
2024-01-19 17:09:02,080 INFO com.example.newapp.controll.WebsiteController [http-nio-8888-exec-10] Get all list website Success : 
2024-01-19 17:09:04,128 INFO com.example.newapp.controll.WebsiteController [http-nio-8888-exec-9] Open config website Success : 
2024-01-19 17:20:52,696 INFO org.springframework.boot.StartupInfoLogger [main] Starting NewAppApplication using Java 11.0.17 on DESKTOP-47TVEOI with PID 15164 (E:\Crawler\target\classes started by thien in E:\Crawler)
2024-01-19 17:20:52,700 INFO org.springframework.boot.SpringApplication [main] No active profile set, falling back to 1 default profile: "default"
2024-01-19 17:20:53,357 INFO org.springframework.data.repository.config.RepositoryConfigurationDelegate [main] Bootstrapping Spring Data JPA repositories in DEFAULT mode.
2024-01-19 17:20:53,402 INFO org.springframework.data.repository.config.RepositoryConfigurationDelegate [main] Finished Spring Data repository scanning in 36 ms. Found 1 JPA repository interfaces.
2024-01-19 17:20:53,936 INFO org.springframework.boot.web.embedded.tomcat.TomcatWebServer [main] Tomcat initialized with port(s): 8888 (http)
2024-01-19 17:20:53,945 INFO org.apache.juli.logging.DirectJDKLog [main] Initializing ProtocolHandler ["http-nio-8888"]
2024-01-19 17:20:53,947 INFO org.apache.juli.logging.DirectJDKLog [main] Starting service [Tomcat]
2024-01-19 17:20:53,947 INFO org.apache.juli.logging.DirectJDKLog [main] Starting Servlet engine: [Apache Tomcat/9.0.76]
2024-01-19 17:20:54,109 INFO org.apache.juli.logging.DirectJDKLog [main] Initializing Spring embedded WebApplicationContext
2024-01-19 17:20:54,110 INFO org.springframework.boot.web.servlet.context.ServletWebServerApplicationContext [main] Root WebApplicationContext: initialization completed in 1365 ms
2024-01-19 17:20:54,349 INFO org.hibernate.jpa.internal.util.LogHelper [main] HHH000204: Processing PersistenceUnitInfo [name: default]
2024-01-19 17:20:54,413 INFO org.hibernate.Version [main] HHH000412: Hibernate ORM core version 5.6.15.Final
2024-01-19 17:20:54,552 INFO org.hibernate.annotations.common.reflection.java.JavaReflectionManager [main] HCANN000001: Hibernate Commons Annotations {5.1.2.Final}
2024-01-19 17:20:54,647 INFO com.zaxxer.hikari.HikariDataSource [main] HikariPool-1 - Starting...
2024-01-19 17:20:54,977 INFO com.zaxxer.hikari.HikariDataSource [main] HikariPool-1 - Start completed.
2024-01-19 17:20:54,990 INFO org.hibernate.dialect.Dialect [main] HHH000400: Using dialect: org.hibernate.dialect.MySQL5InnoDBDialect
2024-01-19 17:20:55,523 INFO org.hibernate.engine.transaction.jta.platform.internal.JtaPlatformInitiator [main] HHH000490: Using JtaPlatform implementation: [org.hibernate.engine.transaction.jta.platform.internal.NoJtaPlatform]
2024-01-19 17:20:55,530 INFO org.springframework.orm.jpa.AbstractEntityManagerFactoryBean [main] Initialized JPA EntityManagerFactory for persistence unit 'default'
2024-01-19 17:20:56,071 WARN org.springframework.boot.autoconfigure.orm.jpa.JpaBaseConfiguration$JpaWebConfiguration [main] spring.jpa.open-in-view is enabled by default. Therefore, database queries may be performed during view rendering. Explicitly configure spring.jpa.open-in-view to disable this warning
2024-01-19 17:20:56,536 INFO org.apache.juli.logging.DirectJDKLog [main] Starting ProtocolHandler ["http-nio-8888"]
2024-01-19 17:20:56,560 INFO org.springframework.boot.web.embedded.tomcat.TomcatWebServer [main] Tomcat started on port(s): 8888 (http) with context path ''
2024-01-19 17:20:56,575 INFO org.springframework.boot.StartupInfoLogger [main] Started NewAppApplication in 4.469 seconds (JVM running for 6.404)
2024-01-19 17:21:26,461 INFO org.apache.juli.logging.DirectJDKLog [http-nio-8888-exec-2] Initializing Spring DispatcherServlet 'dispatcherServlet'
2024-01-19 17:21:26,462 INFO org.springframework.web.servlet.FrameworkServlet [http-nio-8888-exec-2] Initializing Servlet 'dispatcherServlet'
2024-01-19 17:21:26,463 INFO org.springframework.web.servlet.FrameworkServlet [http-nio-8888-exec-2] Completed initialization in 1 ms
2024-01-19 17:21:30,815 ERROR com.example.newapp.controll.WebsiteController [http-nio-8888-exec-2] Run python script code in cmd Fail : 
2024-01-19 17:22:26,836 INFO org.springframework.boot.StartupInfoLogger [main] Starting NewAppApplication using Java 11.0.17 on DESKTOP-47TVEOI with PID 8136 (E:\Crawler\target\classes started by thien in E:\Crawler)
2024-01-19 17:22:26,840 INFO org.springframework.boot.SpringApplication [main] No active profile set, falling back to 1 default profile: "default"
2024-01-19 17:22:27,393 INFO org.springframework.data.repository.config.RepositoryConfigurationDelegate [main] Bootstrapping Spring Data JPA repositories in DEFAULT mode.
2024-01-19 17:22:27,438 INFO org.springframework.data.repository.config.RepositoryConfigurationDelegate [main] Finished Spring Data repository scanning in 38 ms. Found 1 JPA repository interfaces.
2024-01-19 17:22:27,955 INFO org.springframework.boot.web.embedded.tomcat.TomcatWebServer [main] Tomcat initialized with port(s): 8888 (http)
2024-01-19 17:22:27,962 INFO org.apache.juli.logging.DirectJDKLog [main] Initializing ProtocolHandler ["http-nio-8888"]
2024-01-19 17:22:27,964 INFO org.apache.juli.logging.DirectJDKLog [main] Starting service [Tomcat]
2024-01-19 17:22:27,964 INFO org.apache.juli.logging.DirectJDKLog [main] Starting Servlet engine: [Apache Tomcat/9.0.76]
2024-01-19 17:22:28,088 INFO org.apache.juli.logging.DirectJDKLog [main] Initializing Spring embedded WebApplicationContext
2024-01-19 17:22:28,088 INFO org.springframework.boot.web.servlet.context.ServletWebServerApplicationContext [main] Root WebApplicationContext: initialization completed in 1209 ms
2024-01-19 17:22:28,234 INFO org.hibernate.jpa.internal.util.LogHelper [main] HHH000204: Processing PersistenceUnitInfo [name: default]
2024-01-19 17:22:28,272 INFO org.hibernate.Version [main] HHH000412: Hibernate ORM core version 5.6.15.Final
2024-01-19 17:22:28,389 INFO org.hibernate.annotations.common.reflection.java.JavaReflectionManager [main] HCANN000001: Hibernate Commons Annotations {5.1.2.Final}
2024-01-19 17:22:28,477 INFO com.zaxxer.hikari.HikariDataSource [main] HikariPool-1 - Starting...
2024-01-19 17:22:28,601 INFO com.zaxxer.hikari.HikariDataSource [main] HikariPool-1 - Start completed.
2024-01-19 17:22:28,612 INFO org.hibernate.dialect.Dialect [main] HHH000400: Using dialect: org.hibernate.dialect.MySQL5InnoDBDialect
2024-01-19 17:22:29,211 INFO org.hibernate.engine.transaction.jta.platform.internal.JtaPlatformInitiator [main] HHH000490: Using JtaPlatform implementation: [org.hibernate.engine.transaction.jta.platform.internal.NoJtaPlatform]
2024-01-19 17:22:29,221 INFO org.springframework.orm.jpa.AbstractEntityManagerFactoryBean [main] Initialized JPA EntityManagerFactory for persistence unit 'default'
2024-01-19 17:22:29,584 WARN org.springframework.boot.autoconfigure.orm.jpa.JpaBaseConfiguration$JpaWebConfiguration [main] spring.jpa.open-in-view is enabled by default. Therefore, database queries may be performed during view rendering. Explicitly configure spring.jpa.open-in-view to disable this warning
2024-01-19 17:22:30,021 INFO org.apache.juli.logging.DirectJDKLog [main] Starting ProtocolHandler ["http-nio-8888"]
2024-01-19 17:22:30,045 INFO org.springframework.boot.web.embedded.tomcat.TomcatWebServer [main] Tomcat started on port(s): 8888 (http) with context path ''
2024-01-19 17:22:30,056 INFO org.springframework.boot.StartupInfoLogger [main] Started NewAppApplication in 3.65 seconds (JVM running for 5.583)
2024-01-19 17:22:33,471 INFO org.apache.juli.logging.DirectJDKLog [http-nio-8888-exec-1] Initializing Spring DispatcherServlet 'dispatcherServlet'
2024-01-19 17:22:33,472 INFO org.springframework.web.servlet.FrameworkServlet [http-nio-8888-exec-1] Initializing Servlet 'dispatcherServlet'
2024-01-19 17:22:33,474 INFO org.springframework.web.servlet.FrameworkServlet [http-nio-8888-exec-1] Completed initialization in 2 ms
2024-01-19 17:23:23,770 ERROR com.example.newapp.controll.WebsiteController [http-nio-8888-exec-1] Run python script code in cmd Fail : 
2024-01-19 17:23:39,441 INFO org.springframework.orm.jpa.AbstractEntityManagerFactoryBean [SpringApplicationShutdownHook] Closing JPA EntityManagerFactory for persistence unit 'default'
2024-01-19 17:23:39,445 INFO com.zaxxer.hikari.HikariDataSource [SpringApplicationShutdownHook] HikariPool-1 - Shutdown initiated...
2024-01-19 17:23:39,453 INFO com.zaxxer.hikari.HikariDataSource [SpringApplicationShutdownHook] HikariPool-1 - Shutdown completed.
2024-01-19 17:23:44,701 INFO org.springframework.boot.StartupInfoLogger [main] Starting NewAppApplication using Java 11.0.17 on DESKTOP-47TVEOI with PID 3884 (E:\Crawler\target\classes started by thien in E:\Crawler)
2024-01-19 17:23:44,706 INFO org.springframework.boot.SpringApplication [main] No active profile set, falling back to 1 default profile: "default"
2024-01-19 17:23:45,338 INFO org.springframework.data.repository.config.RepositoryConfigurationDelegate [main] Bootstrapping Spring Data JPA repositories in DEFAULT mode.
2024-01-19 17:23:45,375 INFO org.springframework.data.repository.config.RepositoryConfigurationDelegate [main] Finished Spring Data repository scanning in 28 ms. Found 1 JPA repository interfaces.
2024-01-19 17:23:45,724 INFO org.springframework.boot.web.embedded.tomcat.TomcatWebServer [main] Tomcat initialized with port(s): 8888 (http)
2024-01-19 17:23:45,730 INFO org.apache.juli.logging.DirectJDKLog [main] Initializing ProtocolHandler ["http-nio-8888"]
2024-01-19 17:23:45,731 INFO org.apache.juli.logging.DirectJDKLog [main] Starting service [Tomcat]
2024-01-19 17:23:45,731 INFO org.apache.juli.logging.DirectJDKLog [main] Starting Servlet engine: [Apache Tomcat/9.0.76]
2024-01-19 17:23:45,835 INFO org.apache.juli.logging.DirectJDKLog [main] Initializing Spring embedded WebApplicationContext
2024-01-19 17:23:45,836 INFO org.springframework.boot.web.servlet.context.ServletWebServerApplicationContext [main] Root WebApplicationContext: initialization completed in 1085 ms
2024-01-19 17:23:45,966 INFO org.hibernate.jpa.internal.util.LogHelper [main] HHH000204: Processing PersistenceUnitInfo [name: default]
2024-01-19 17:23:45,999 INFO org.hibernate.Version [main] HHH000412: Hibernate ORM core version 5.6.15.Final
2024-01-19 17:23:46,101 INFO org.hibernate.annotations.common.reflection.java.JavaReflectionManager [main] HCANN000001: Hibernate Commons Annotations {5.1.2.Final}
2024-01-19 17:23:46,175 INFO com.zaxxer.hikari.HikariDataSource [main] HikariPool-1 - Starting...
2024-01-19 17:23:46,277 INFO com.zaxxer.hikari.HikariDataSource [main] HikariPool-1 - Start completed.
2024-01-19 17:23:46,287 INFO org.hibernate.dialect.Dialect [main] HHH000400: Using dialect: org.hibernate.dialect.MySQL5InnoDBDialect
2024-01-19 17:23:46,690 INFO org.hibernate.engine.transaction.jta.platform.internal.JtaPlatformInitiator [main] HHH000490: Using JtaPlatform implementation: [org.hibernate.engine.transaction.jta.platform.internal.NoJtaPlatform]
2024-01-19 17:23:46,697 INFO org.springframework.orm.jpa.AbstractEntityManagerFactoryBean [main] Initialized JPA EntityManagerFactory for persistence unit 'default'
2024-01-19 17:23:46,940 WARN org.springframework.boot.autoconfigure.orm.jpa.JpaBaseConfiguration$JpaWebConfiguration [main] spring.jpa.open-in-view is enabled by default. Therefore, database queries may be performed during view rendering. Explicitly configure spring.jpa.open-in-view to disable this warning
2024-01-19 17:23:47,172 INFO org.apache.juli.logging.DirectJDKLog [main] Starting ProtocolHandler ["http-nio-8888"]
2024-01-19 17:23:47,190 INFO org.springframework.boot.web.embedded.tomcat.TomcatWebServer [main] Tomcat started on port(s): 8888 (http) with context path ''
2024-01-19 17:23:47,198 INFO org.springframework.boot.StartupInfoLogger [main] Started NewAppApplication in 2.927 seconds (JVM running for 4.127)
2024-01-19 17:23:52,286 INFO org.apache.juli.logging.DirectJDKLog [http-nio-8888-exec-1] Initializing Spring DispatcherServlet 'dispatcherServlet'
2024-01-19 17:23:52,287 INFO org.springframework.web.servlet.FrameworkServlet [http-nio-8888-exec-1] Initializing Servlet 'dispatcherServlet'
2024-01-19 17:23:52,288 INFO org.springframework.web.servlet.FrameworkServlet [http-nio-8888-exec-1] Completed initialization in 1 ms
2024-01-19 17:23:55,975 INFO com.example.newapp.controll.WebsiteController [http-nio-8888-exec-1] Run python script code in cmd Success : 
2024-01-19 17:24:12,239 INFO com.example.newapp.controll.WebsiteController [http-nio-8888-exec-2] Run python script code in cmd Success : 
2024-01-19 17:24:55,816 INFO com.example.newapp.controll.WebsiteController [http-nio-8888-exec-4] Get name website Success : 
2024-01-19 17:24:57,591 INFO com.example.newapp.controll.WebsiteController [http-nio-8888-exec-5] Run python script code in cmd Success : 
2024-01-19 17:25:12,253 INFO com.example.newapp.controll.WebsiteController [http-nio-8888-exec-7] Get name website Success : 
2024-01-19 17:25:16,125 INFO com.example.newapp.controll.WebsiteController [http-nio-8888-exec-6] Run python script code in cmd Success : 
2024-01-19 17:25:49,989 INFO com.example.newapp.controll.WebsiteController [http-nio-8888-exec-10] Get name website Success : 
2024-01-19 17:25:53,526 INFO com.example.newapp.controll.WebsiteController [http-nio-8888-exec-9] Run python script code in cmd Success : 
