2024-01-23 11:27:03,410 INFO org.springframework.boot.StartupInfoLogger [main] Starting NewAppApplication using Java 11.0.17 on DESKTOP-47TVEOI with PID 10116 (E:\Spring\Crawler\target\classes started by thien in E:\Spring\Crawler)
2024-01-23 11:27:03,443 INFO org.springframework.boot.SpringApplication [main] No active profile set, falling back to 1 default profile: "default"
2024-01-23 11:27:03,997 INFO org.springframework.data.repository.config.RepositoryConfigurationDelegate [main] Bootstrapping Spring Data JPA repositories in DEFAULT mode.
2024-01-23 11:27:04,042 INFO org.springframework.data.repository.config.RepositoryConfigurationDelegate [main] Finished Spring Data repository scanning in 36 ms. Found 1 JPA repository interfaces.
2024-01-23 11:27:04,493 INFO org.springframework.boot.web.embedded.tomcat.TomcatWebServer [main] Tomcat initialized with port(s): 8888 (http)
2024-01-23 11:27:04,500 INFO org.apache.juli.logging.DirectJDKLog [main] Initializing ProtocolHandler ["http-nio-8888"]
2024-01-23 11:27:04,502 INFO org.apache.juli.logging.DirectJDKLog [main] Starting service [Tomcat]
2024-01-23 11:27:04,502 INFO org.apache.juli.logging.DirectJDKLog [main] Starting Servlet engine: [Apache Tomcat/9.0.76]
2024-01-23 11:27:04,666 INFO org.apache.juli.logging.DirectJDKLog [main] Initializing Spring embedded WebApplicationContext
2024-01-23 11:27:04,667 INFO org.springframework.boot.web.servlet.context.ServletWebServerApplicationContext [main] Root WebApplicationContext: initialization completed in 1184 ms
2024-01-23 11:27:04,830 INFO org.hibernate.jpa.internal.util.LogHelper [main] HHH000204: Processing PersistenceUnitInfo [name: default]
2024-01-23 11:27:04,884 INFO org.hibernate.Version [main] HHH000412: Hibernate ORM core version 5.6.15.Final
2024-01-23 11:27:05,010 INFO org.hibernate.annotations.common.reflection.java.JavaReflectionManager [main] HCANN000001: Hibernate Commons Annotations {5.1.2.Final}
2024-01-23 11:27:05,100 INFO com.zaxxer.hikari.HikariDataSource [main] HikariPool-1 - Starting...
2024-01-23 11:27:05,257 INFO com.zaxxer.hikari.HikariDataSource [main] HikariPool-1 - Start completed.
2024-01-23 11:27:05,275 INFO org.hibernate.dialect.Dialect [main] HHH000400: Using dialect: org.hibernate.dialect.MySQL5InnoDBDialect
2024-01-23 11:27:05,759 INFO org.hibernate.engine.transaction.jta.platform.internal.JtaPlatformInitiator [main] HHH000490: Using JtaPlatform implementation: [org.hibernate.engine.transaction.jta.platform.internal.NoJtaPlatform]
2024-01-23 11:27:05,767 INFO org.springframework.orm.jpa.AbstractEntityManagerFactoryBean [main] Initialized JPA EntityManagerFactory for persistence unit 'default'
2024-01-23 11:27:06,076 WARN org.springframework.boot.autoconfigure.orm.jpa.JpaBaseConfiguration$JpaWebConfiguration [main] spring.jpa.open-in-view is enabled by default. Therefore, database queries may be performed during view rendering. Explicitly configure spring.jpa.open-in-view to disable this warning
2024-01-23 11:27:06,347 INFO org.apache.juli.logging.DirectJDKLog [main] Starting ProtocolHandler ["http-nio-8888"]
2024-01-23 11:27:06,364 INFO org.springframework.boot.web.embedded.tomcat.TomcatWebServer [main] Tomcat started on port(s): 8888 (http) with context path ''
2024-01-23 11:27:06,373 INFO org.springframework.boot.StartupInfoLogger [main] Started NewAppApplication in 3.653 seconds (JVM running for 4.903)
2024-01-23 11:30:18,486 INFO org.apache.juli.logging.DirectJDKLog [http-nio-8888-exec-1] Initializing Spring DispatcherServlet 'dispatcherServlet'
2024-01-23 11:30:18,486 INFO org.springframework.web.servlet.FrameworkServlet [http-nio-8888-exec-1] Initializing Servlet 'dispatcherServlet'
2024-01-23 11:30:18,491 INFO org.springframework.web.servlet.FrameworkServlet [http-nio-8888-exec-1] Completed initialization in 0 ms
2024-01-23 11:30:18,634 INFO com.example.newapp.controll.WebsiteController [http-nio-8888-exec-1] Get all list website Success : 
2024-01-23 11:34:36,275 INFO com.example.newapp.controll.WebsiteController [http-nio-8888-exec-3] Get all list website Success : 
2024-01-23 11:35:41,180 INFO com.example.newapp.controll.WebsiteController [http-nio-8888-exec-4] Get all list website Success : 
2024-01-23 11:36:33,416 INFO com.example.newapp.controll.WebsiteController [http-nio-8888-exec-6] Get all list website Success : 
2024-01-23 11:38:04,320 INFO com.example.newapp.controll.WebsiteController [http-nio-8888-exec-9] Get name website Success : 
2024-01-23 11:38:05,756 INFO com.example.newapp.controll.WebsiteController [http-nio-8888-exec-1] Get all list website Success : 
2024-01-23 11:38:12,441 ERROR com.example.newapp.controll.WebsiteController [http-nio-8888-exec-2] File type error
2024-01-23 11:38:12,441 INFO com.example.newapp.controll.WebsiteController [http-nio-8888-exec-3] Get name website Success : 
2024-01-23 11:38:14,927 ERROR com.example.newapp.controll.WebsiteController [http-nio-8888-exec-10] Run python script code in cmd Fail : 
2024-01-23 11:38:17,103 INFO com.example.newapp.controll.WebsiteController [http-nio-8888-exec-5] Get all list website Success : 
2024-01-23 11:46:04,274 INFO com.example.newapp.controll.WebsiteController [http-nio-8888-exec-6] Get all list website Success : 
2024-01-23 11:46:09,649 INFO com.example.newapp.controll.WebsiteController [http-nio-8888-exec-8] Get name website Success : 
2024-01-23 11:46:12,715 ERROR com.example.newapp.controll.WebsiteController [http-nio-8888-exec-7] Run python script code in cmd Fail : 
2024-01-23 11:46:39,110 INFO com.example.newapp.controll.WebsiteController [http-nio-8888-exec-1] Get name website Success : 
2024-01-23 11:46:41,102 ERROR com.example.newapp.controll.WebsiteController [http-nio-8888-exec-9] Run python script code in cmd Fail : 
2024-01-23 11:47:03,129 INFO com.example.newapp.controll.WebsiteController [http-nio-8888-exec-2] Get all list website Success : 
2024-01-23 11:47:05,446 INFO com.example.newapp.controll.WebsiteController [http-nio-8888-exec-10] Get name website Success : 
2024-01-23 11:47:09,100 ERROR com.example.newapp.controll.WebsiteController [http-nio-8888-exec-3] Run python script code in cmd Fail : 
2024-01-23 11:47:11,720 INFO com.example.newapp.controll.WebsiteController [http-nio-8888-exec-5] Get all list website Success : 
2024-01-23 11:47:13,812 INFO com.example.newapp.controll.WebsiteController [http-nio-8888-exec-6] Get name website Success : 
2024-01-23 11:47:15,646 ERROR com.example.newapp.controll.WebsiteController [http-nio-8888-exec-4] Run python script code in cmd Fail : 
2024-01-23 11:47:17,980 INFO com.example.newapp.controll.WebsiteController [http-nio-8888-exec-8] Get all list website Success : 
2024-01-23 13:18:42,174 INFO com.example.newapp.controll.WebsiteController [http-nio-8888-exec-1] Get all list website Success : 
2024-01-23 13:48:04,998 ERROR com.example.newapp.controll.WebsiteController [http-nio-8888-exec-2] Run python script code in cmd Fail : 
2024-01-23 13:49:51,020 INFO org.springframework.boot.StartupInfoLogger [main] Starting NewAppApplication using Java 11.0.17 on DESKTOP-47TVEOI with PID 7456 (E:\Spring\Crawler\target\classes started by thien in E:\Spring\Crawler)
2024-01-23 13:49:51,023 INFO org.springframework.boot.SpringApplication [main] No active profile set, falling back to 1 default profile: "default"
2024-01-23 13:49:51,479 INFO org.springframework.data.repository.config.RepositoryConfigurationDelegate [main] Bootstrapping Spring Data JPA repositories in DEFAULT mode.
2024-01-23 13:49:51,517 INFO org.springframework.data.repository.config.RepositoryConfigurationDelegate [main] Finished Spring Data repository scanning in 31 ms. Found 1 JPA repository interfaces.
2024-01-23 13:49:51,873 INFO org.springframework.boot.web.embedded.tomcat.TomcatWebServer [main] Tomcat initialized with port(s): 8888 (http)
2024-01-23 13:49:51,879 INFO org.apache.juli.logging.DirectJDKLog [main] Initializing ProtocolHandler ["http-nio-8888"]
2024-01-23 13:49:51,880 INFO org.apache.juli.logging.DirectJDKLog [main] Starting service [Tomcat]
2024-01-23 13:49:51,880 INFO org.apache.juli.logging.DirectJDKLog [main] Starting Servlet engine: [Apache Tomcat/9.0.76]
2024-01-23 13:49:51,969 INFO org.apache.juli.logging.DirectJDKLog [main] Initializing Spring embedded WebApplicationContext
2024-01-23 13:49:51,969 INFO org.springframework.boot.web.servlet.context.ServletWebServerApplicationContext [main] Root WebApplicationContext: initialization completed in 900 ms
2024-01-23 13:49:52,109 INFO org.hibernate.jpa.internal.util.LogHelper [main] HHH000204: Processing PersistenceUnitInfo [name: default]
2024-01-23 13:49:52,142 INFO org.hibernate.Version [main] HHH000412: Hibernate ORM core version 5.6.15.Final
2024-01-23 13:49:52,240 INFO org.hibernate.annotations.common.reflection.java.JavaReflectionManager [main] HCANN000001: Hibernate Commons Annotations {5.1.2.Final}
2024-01-23 13:49:52,308 INFO com.zaxxer.hikari.HikariDataSource [main] HikariPool-1 - Starting...
2024-01-23 13:49:52,421 INFO com.zaxxer.hikari.HikariDataSource [main] HikariPool-1 - Start completed.
2024-01-23 13:49:52,432 INFO org.hibernate.dialect.Dialect [main] HHH000400: Using dialect: org.hibernate.dialect.MySQL5InnoDBDialect
2024-01-23 13:49:52,813 INFO org.hibernate.engine.transaction.jta.platform.internal.JtaPlatformInitiator [main] HHH000490: Using JtaPlatform implementation: [org.hibernate.engine.transaction.jta.platform.internal.NoJtaPlatform]
2024-01-23 13:49:52,820 INFO org.springframework.orm.jpa.AbstractEntityManagerFactoryBean [main] Initialized JPA EntityManagerFactory for persistence unit 'default'
2024-01-23 13:49:53,073 WARN org.springframework.boot.autoconfigure.orm.jpa.JpaBaseConfiguration$JpaWebConfiguration [main] spring.jpa.open-in-view is enabled by default. Therefore, database queries may be performed during view rendering. Explicitly configure spring.jpa.open-in-view to disable this warning
2024-01-23 13:49:53,334 INFO org.apache.juli.logging.DirectJDKLog [main] Starting ProtocolHandler ["http-nio-8888"]
2024-01-23 13:49:53,345 INFO org.springframework.boot.web.embedded.tomcat.TomcatWebServer [main] Tomcat started on port(s): 8888 (http) with context path ''
2024-01-23 13:49:53,356 INFO org.springframework.boot.StartupInfoLogger [main] Started NewAppApplication in 2.933 seconds (JVM running for 3.853)
2024-01-23 13:50:01,611 INFO org.apache.juli.logging.DirectJDKLog [http-nio-8888-exec-2] Initializing Spring DispatcherServlet 'dispatcherServlet'
2024-01-23 13:50:01,611 INFO org.springframework.web.servlet.FrameworkServlet [http-nio-8888-exec-2] Initializing Servlet 'dispatcherServlet'
2024-01-23 13:50:01,612 INFO org.springframework.web.servlet.FrameworkServlet [http-nio-8888-exec-2] Completed initialization in 1 ms
2024-01-23 13:50:03,802 ERROR com.example.newapp.controll.WebsiteController [http-nio-8888-exec-2] Run python script code in cmd Fail : 
2024-01-23 13:51:24,959 INFO org.springframework.boot.StartupInfoLogger [main] Starting NewAppApplication using Java 11.0.17 on DESKTOP-47TVEOI with PID 11504 (E:\Spring\Crawler\target\classes started by thien in E:\Spring\Crawler)
2024-01-23 13:51:24,964 INFO org.springframework.boot.SpringApplication [main] No active profile set, falling back to 1 default profile: "default"
2024-01-23 13:51:25,906 INFO org.springframework.data.repository.config.RepositoryConfigurationDelegate [main] Bootstrapping Spring Data JPA repositories in DEFAULT mode.
2024-01-23 13:51:25,979 INFO org.springframework.data.repository.config.RepositoryConfigurationDelegate [main] Finished Spring Data repository scanning in 63 ms. Found 1 JPA repository interfaces.
2024-01-23 13:51:26,689 INFO org.springframework.boot.web.embedded.tomcat.TomcatWebServer [main] Tomcat initialized with port(s): 8888 (http)
2024-01-23 13:51:26,696 INFO org.apache.juli.logging.DirectJDKLog [main] Initializing ProtocolHandler ["http-nio-8888"]
2024-01-23 13:51:26,698 INFO org.apache.juli.logging.DirectJDKLog [main] Starting service [Tomcat]
2024-01-23 13:51:26,698 INFO org.apache.juli.logging.DirectJDKLog [main] Starting Servlet engine: [Apache Tomcat/9.0.76]
2024-01-23 13:51:26,803 INFO org.apache.juli.logging.DirectJDKLog [main] Initializing Spring embedded WebApplicationContext
2024-01-23 13:51:26,804 INFO org.springframework.boot.web.servlet.context.ServletWebServerApplicationContext [main] Root WebApplicationContext: initialization completed in 1803 ms
2024-01-23 13:51:26,945 INFO org.hibernate.jpa.internal.util.LogHelper [main] HHH000204: Processing PersistenceUnitInfo [name: default]
2024-01-23 13:51:26,978 INFO org.hibernate.Version [main] HHH000412: Hibernate ORM core version 5.6.15.Final
2024-01-23 13:51:27,081 INFO org.hibernate.annotations.common.reflection.java.JavaReflectionManager [main] HCANN000001: Hibernate Commons Annotations {5.1.2.Final}
2024-01-23 13:51:27,153 INFO com.zaxxer.hikari.HikariDataSource [main] HikariPool-1 - Starting...
2024-01-23 13:51:27,277 INFO com.zaxxer.hikari.HikariDataSource [main] HikariPool-1 - Start completed.
2024-01-23 13:51:27,289 INFO org.hibernate.dialect.Dialect [main] HHH000400: Using dialect: org.hibernate.dialect.MySQL5InnoDBDialect
2024-01-23 13:51:27,715 INFO org.hibernate.engine.transaction.jta.platform.internal.JtaPlatformInitiator [main] HHH000490: Using JtaPlatform implementation: [org.hibernate.engine.transaction.jta.platform.internal.NoJtaPlatform]
2024-01-23 13:51:27,724 INFO org.springframework.orm.jpa.AbstractEntityManagerFactoryBean [main] Initialized JPA EntityManagerFactory for persistence unit 'default'
2024-01-23 13:51:28,033 WARN org.springframework.boot.autoconfigure.orm.jpa.JpaBaseConfiguration$JpaWebConfiguration [main] spring.jpa.open-in-view is enabled by default. Therefore, database queries may be performed during view rendering. Explicitly configure spring.jpa.open-in-view to disable this warning
2024-01-23 13:51:28,321 INFO org.apache.juli.logging.DirectJDKLog [main] Starting ProtocolHandler ["http-nio-8888"]
2024-01-23 13:51:28,360 INFO org.springframework.boot.web.embedded.tomcat.TomcatWebServer [main] Tomcat started on port(s): 8888 (http) with context path ''
2024-01-23 13:51:28,375 INFO org.springframework.boot.StartupInfoLogger [main] Started NewAppApplication in 4.064 seconds (JVM running for 5.085)
2024-01-23 13:51:33,149 INFO org.apache.juli.logging.DirectJDKLog [http-nio-8888-exec-2] Initializing Spring DispatcherServlet 'dispatcherServlet'
2024-01-23 13:51:33,150 INFO org.springframework.web.servlet.FrameworkServlet [http-nio-8888-exec-2] Initializing Servlet 'dispatcherServlet'
2024-01-23 13:51:33,151 INFO org.springframework.web.servlet.FrameworkServlet [http-nio-8888-exec-2] Completed initialization in 1 ms
2024-01-23 13:51:35,572 INFO com.example.newapp.controll.WebsiteController [http-nio-8888-exec-2] Run python script code in cmd Success : 
2024-01-23 13:51:42,957 INFO com.example.newapp.controll.WebsiteController [http-nio-8888-exec-1] Run python script code in cmd Success : 
2024-01-23 14:59:30,376 INFO org.springframework.boot.StartupInfoLogger [main] Starting NewAppApplicationTests using Java 11.0.17 on DESKTOP-47TVEOI with PID 11156 (started by thien in E:\Spring\Crawler)
2024-01-23 14:59:30,379 INFO org.springframework.boot.SpringApplication [main] No active profile set, falling back to 1 default profile: "default"
2024-01-23 14:59:31,081 INFO org.springframework.data.repository.config.RepositoryConfigurationDelegate [main] Bootstrapping Spring Data JPA repositories in DEFAULT mode.
2024-01-23 14:59:31,132 INFO org.springframework.data.repository.config.RepositoryConfigurationDelegate [main] Finished Spring Data repository scanning in 41 ms. Found 1 JPA repository interfaces.
2024-01-23 14:59:31,795 INFO org.hibernate.jpa.internal.util.LogHelper [main] HHH000204: Processing PersistenceUnitInfo [name: default]
2024-01-23 14:59:31,854 INFO org.hibernate.Version [main] HHH000412: Hibernate ORM core version 5.6.15.Final
2024-01-23 14:59:32,031 INFO org.hibernate.annotations.common.reflection.java.JavaReflectionManager [main] HCANN000001: Hibernate Commons Annotations {5.1.2.Final}
2024-01-23 14:59:32,401 INFO com.zaxxer.hikari.HikariDataSource [main] HikariPool-1 - Starting...
2024-01-23 14:59:32,656 INFO com.zaxxer.hikari.HikariDataSource [main] HikariPool-1 - Start completed.
2024-01-23 14:59:32,676 INFO org.hibernate.dialect.Dialect [main] HHH000400: Using dialect: org.hibernate.dialect.MySQL5InnoDBDialect
2024-01-23 14:59:33,591 INFO org.hibernate.engine.transaction.jta.platform.internal.JtaPlatformInitiator [main] HHH000490: Using JtaPlatform implementation: [org.hibernate.engine.transaction.jta.platform.internal.NoJtaPlatform]
2024-01-23 14:59:33,603 INFO org.springframework.orm.jpa.AbstractEntityManagerFactoryBean [main] Initialized JPA EntityManagerFactory for persistence unit 'default'
2024-01-23 14:59:34,260 WARN org.springframework.boot.autoconfigure.orm.jpa.JpaBaseConfiguration$JpaWebConfiguration [main] spring.jpa.open-in-view is enabled by default. Therefore, database queries may be performed during view rendering. Explicitly configure spring.jpa.open-in-view to disable this warning
2024-01-23 14:59:34,935 INFO org.springframework.boot.StartupInfoLogger [main] Started NewAppApplicationTests in 5.001 seconds (JVM running for 6.103)
2024-01-23 14:59:35,133 INFO org.springframework.orm.jpa.AbstractEntityManagerFactoryBean [SpringApplicationShutdownHook] Closing JPA EntityManagerFactory for persistence unit 'default'
2024-01-23 14:59:35,137 INFO com.zaxxer.hikari.HikariDataSource [SpringApplicationShutdownHook] HikariPool-1 - Shutdown initiated...
2024-01-23 14:59:35,155 INFO com.zaxxer.hikari.HikariDataSource [SpringApplicationShutdownHook] HikariPool-1 - Shutdown completed.
